#
# A fatal error has been detected by the Java Runtime Environment:
#
#  EXCEPTION_ACCESS_VIOLATION (0xc0000005) at pc=0x0000000000000000, pid=8120, tid=7660
#
# JRE version:  (14.0.2+12) (build )
# Java VM: OpenJDK 64-Bit Server VM (14.0.2+12, mixed mode, sharing, tiered, compressed oops, g1 gc, windows-amd64)
# Problematic frame:
# C  0x0000000000000000
#
# No core dump will be written. Minidumps are not enabled by default on client versions of Windows
#
# The crash happened outside the Java Virtual Machine in native code.
# See problematic frame for where to report the bug.
#

---------------  S U M M A R Y ------------

Command Line: -javaagent:C:\Users\Nadya\AppData\Local\JetBrains\IdeaIC2020.3\testAgent\intellij-coverage-agent-1.0.573.jar=C:\Users\Nadya\AppData\Local\Temp\coverageargs -javaagent:C:\Program Files\JetBrains2\IntelliJ IDEA Community Edition 2020.2.3\lib\idea_rt.jar=61974:C:\Program Files\JetBrains2\IntelliJ IDEA Community Edition 2020.2.3\bin -Dfile.encoding=UTF-8 MainKt

Host: Intel(R) Core(TM) i5-6200U CPU @ 2.30GHz, 4 cores, 3G,  Windows 10 , 64 bit Build 19041 (10.0.19041.804)
Time: Sat Apr  3 18:23:20 2021 RTZ 1 (зима) elapsed time: 0 seconds (0d 0h 0m 0s)

---------------  T H R E A D  ---------------

Current thread (0x000002ba3007e000):  JavaThread "main" [_thread_in_native, id=7660, stack(0x000000f3a2900000,0x000000f3a2a00000)]

Stack: [0x000000f3a2900000,0x000000f3a2a00000],  sp=0x000000f3a29fe7e8,  free space=1017k
Native frames: (J=compiled Java code, j=interpreted, Vv=VM code, C=native code)

Java frames: (J=compiled Java code, j=interpreted, Vv=VM code)
j  jdk.internal.util.SystemProps$Raw.platformProperties()[Ljava/lang/String;+0 java.base
j  jdk.internal.util.SystemProps$Raw.<init>()V+5 java.base
j  jdk.internal.util.SystemProps.initProperties()Ljava/util/Map;+4 java.base
j  java.lang.System.initPhase1()V+0 java.base
v  ~StubRoutines::call_stub

siginfo: EXCEPTION_ACCESS_VIOLATION (0xc0000005), data execution prevention violation at address 0x0000000000000000


Register to memory mapping:

RIP=0x0 is NULL
RAX=0x0 is NULL
RBX=0x0 is NULL
RCX=0x0 is NULL
RDX=0x0000000000004028 is an unknown value
RSP=0x000000f3a29fe7e8 is pointing into the stack for thread: 0x000002ba3007e000
RBP=0x000000f3a29feb60 is pointing into the stack for thread: 0x000002ba3007e000
RSI=0x0000000000000001 is an unknown value
RDI=0x000002ba4e787901 points into unknown readable memory: 00 00 00 00 00 00 00
R8 =0x0 is NULL
R9 =0x0 is NULL
R10=0x000000f3a29fe200 is pointing into the stack for thread: 0x000002ba3007e000
R11=0x0 is NULL
R12=0x0000000000000001 is an unknown value
R13=0x0000000000004a61 is an unknown value
R14=0x000000000000000a is an unknown value
R15=0x000000000000076c is an unknown value


Registers:
RAX=0x0000000000000000, RBX=0x0000000000000000, RCX=0x0000000000000000, RDX=0x0000000000004028
RSP=0x000000f3a29fe7e8, RBP=0x000000f3a29feb60, RSI=0x0000000000000001, RDI=0x000002ba4e787901
R8 =0x0000000000000000, R9 =0x0000000000000000, R10=0x000000f3a29fe200, R11=0x0000000000000000
R12=0x0000000000000001, R13=0x0000000000004a61, R14=0x000000000000000a, R15=0x000000000000076c
RIP=0x0000000000000000, EFLAGS=0x0000000000010206

Top of Stack: (sp=0x000000f3a29fe7e8)
0x000000f3a29fe7e8:   00007ffa8807b6c7 0000000000000000
0x000000f3a29fe7f8:   0000000000004028 0000000000000000
0x000000f3a29fe808:   0000000000000000 000000f3a29fe830
0x000000f3a29fe818:   00007ffaa60fb86b 0000000080004005
0x000000f3a29fe828:   0000000000000096 000002ba4e774fc0
0x000000f3a29fe838:   000002ba4e7878f0 00000000a61f0000
0x000000f3a29fe848:   0000000000000000 0000000000000000
0x000000f3a29fe858:   000002ba2fe21140 00007ffaa61f13b0
0x000000f3a29fe868:   000002ba2fe20000 000002ba2fe202a8
0x000000f3a29fe878:   0000000000360034 0000000000000020
0x000000f3a29fe888:   000002ba2fe20cc0 0000000000000000
0x000000f3a29fe898:   0000000000000000 0000000000000000
0x000000f3a29fe8a8:   0000000000000020 000000000000000c
0x000000f3a29fe8b8:   0000000000000004 000002ba2fe90000
0x000000f3a29fe8c8:   000000f3a29fe989 0000000000000002
0x000000f3a29fe8d8:   00007ffaa60fb3c7 000002ba2fe20000 

Instructions: (pc=0x0000000000000000)
0xffffffffffffff00:   


Stack slot to memory mapping:
stack at sp + 0 slots: 0x00007ffa8807b6c7 java.dll
stack at sp + 1 slots: 0x0 is NULL
stack at sp + 2 slots: 0x0000000000004028 is an unknown value
stack at sp + 3 slots: 0x0 is NULL
stack at sp + 4 slots: 0x0 is NULL
stack at sp + 5 slots: 0x000000f3a29fe830 is pointing into the stack for thread: 0x000002ba3007e000
stack at sp + 6 slots: 0x00007ffaa60fb86b ntdll.dll
stack at sp + 7 slots: 0x0000000080004005 is an unknown value


---------------  P R O C E S S  ---------------

Threads class SMR info:
_java_thread_list=0x000002ba4e776900, length=3, elements={
0x000002ba3007e000, 0x000002ba4e77a800, 0x000002ba4e77e800
}

Java Threads: ( => current thread )
=>0x000002ba3007e000 JavaThread "main" [_thread_in_native, id=7660, stack(0x000000f3a2900000,0x000000f3a2a00000)]
  0x000002ba4e77a800 JavaThread "Reference Handler" daemon [_thread_blocked, id=8688, stack(0x000000f3a3000000,0x000000f3a3100000)]
  0x000002ba4e77e800 JavaThread "Finalizer" daemon [_thread_blocked, id=6660, stack(0x000000f3a3100000,0x000000f3a3200000)]

Other Threads:
  0x000002ba4e777800 VMThread "VM Thread" [stack: 0x000000f3a2f00000,0x000000f3a3000000] [id=3252]
  0x000002ba300af000 GCTaskThread "GC Thread#0" [stack: 0x000000f3a2a00000,0x000000f3a2b00000] [id=5952]
  0x000002ba300b7000 ConcurrentGCThread "G1 Main Marker" [stack: 0x000000f3a2b00000,0x000000f3a2c00000] [id=6524]
  0x000002ba300b8800 ConcurrentGCThread "G1 Conc#0" [stack: 0x000000f3a2c00000,0x000000f3a2d00000] [id=8096]
  0x000002ba300fe000 ConcurrentGCThread "G1 Refine#0" [stack: 0x000000f3a2d00000,0x000000f3a2e00000] [id=2080]
  0x000002ba30100000 ConcurrentGCThread "G1 Young RemSet Sampling" [stack: 0x000000f3a2e00000,0x000000f3a2f00000] [id=384]

Threads with active compile tasks:

VM state:not at safepoint (normal execution)

VM Mutex/Monitor currently owned by a thread: None

Heap address: 0x00000000c9000000, size: 880 MB, Compressed Oops mode: 32-bit
Narrow klass base: 0x0000000800000000, Narrow klass shift: 3
Compressed class space size: 1073741824 Address: 0x0000000800b30000

Heap:
 garbage-first heap   total 57344K, used 0K [0x00000000c9000000, 0x0000000100000000)
  region size 1024K, 1 young (1024K), 0 survivors (0K)
 Metaspace       used 14K, capacity 400K, committed 640K, reserved 1060864K
  class space    used 2K, capacity 384K, committed 384K, reserved 1048576K
Heap Regions: E=young(eden), S=young(survivor), O=old, HS=humongous(starts), HC=humongous(continues), CS=collection set, F=free, OA=open archive, CA=closed archive, TAMS=top-at-mark-start (previous, next)
|   0|0x00000000c9000000, 0x00000000c9000000, 0x00000000c9100000|  0%| F|  |TAMS 0x00000000c9000000, 0x00000000c9000000| Untracked 
|   1|0x00000000c9100000, 0x00000000c9100000, 0x00000000c9200000|  0%| F|  |TAMS 0x00000000c9100000, 0x00000000c9100000| Untracked 
|   2|0x00000000c9200000, 0x00000000c9200000, 0x00000000c9300000|  0%| F|  |TAMS 0x00000000c9200000, 0x00000000c9200000| Untracked 
|   3|0x00000000c9300000, 0x00000000c9300000, 0x00000000c9400000|  0%| F|  |TAMS 0x00000000c9300000, 0x00000000c9300000| Untracked 
|   4|0x00000000c9400000, 0x00000000c9400000, 0x00000000c9500000|  0%| F|  |TAMS 0x00000000c9400000, 0x00000000c9400000| Untracked 
|   5|0x00000000c9500000, 0x00000000c9500000, 0x00000000c9600000|  0%| F|  |TAMS 0x00000000c9500000, 0x00000000c9500000| Untracked 
|   6|0x00000000c9600000, 0x00000000c9600000, 0x00000000c9700000|  0%| F|  |TAMS 0x00000000c9600000, 0x00000000c9600000| Untracked 
|   7|0x00000000c9700000, 0x00000000c9700000, 0x00000000c9800000|  0%| F|  |TAMS 0x00000000c9700000, 0x00000000c9700000| Untracked 
|   8|0x00000000c9800000, 0x00000000c9800000, 0x00000000c9900000|  0%| F|  |TAMS 0x00000000c9800000, 0x00000000c9800000| Untracked 
|   9|0x00000000c9900000, 0x00000000c9900000, 0x00000000c9a00000|  0%| F|  |TAMS 0x00000000c9900000, 0x00000000c9900000| Untracked 
|  10|0x00000000c9a00000, 0x00000000c9a00000, 0x00000000c9b00000|  0%| F|  |TAMS 0x00000000c9a00000, 0x00000000c9a00000| Untracked 
|  11|0x00000000c9b00000, 0x00000000c9b00000, 0x00000000c9c00000|  0%| F|  |TAMS 0x00000000c9b00000, 0x00000000c9b00000| Untracked 
|  12|0x00000000c9c00000, 0x00000000c9c00000, 0x00000000c9d00000|  0%| F|  |TAMS 0x00000000c9c00000, 0x00000000c9c00000| Untracked 
|  13|0x00000000c9d00000, 0x00000000c9d00000, 0x00000000c9e00000|  0%| F|  |TAMS 0x00000000c9d00000, 0x00000000c9d00000| Untracked 
|  14|0x00000000c9e00000, 0x00000000c9e00000, 0x00000000c9f00000|  0%| F|  |TAMS 0x00000000c9e00000, 0x00000000c9e00000| Untracked 
|  15|0x00000000c9f00000, 0x00000000c9f00000, 0x00000000ca000000|  0%| F|  |TAMS 0x00000000c9f00000, 0x00000000c9f00000| Untracked 
|  16|0x00000000ca000000, 0x00000000ca000000, 0x00000000ca100000|  0%| F|  |TAMS 0x00000000ca000000, 0x00000000ca000000| Untracked 
|  17|0x00000000ca100000, 0x00000000ca100000, 0x00000000ca200000|  0%| F|  |TAMS 0x00000000ca100000, 0x00000000ca100000| Untracked 
|  18|0x00000000ca200000, 0x00000000ca200000, 0x00000000ca300000|  0%| F|  |TAMS 0x00000000ca200000, 0x00000000ca200000| Untracked 
|  19|0x00000000ca300000, 0x00000000ca300000, 0x00000000ca400000|  0%| F|  |TAMS 0x00000000ca300000, 0x00000000ca300000| Untracked 
|  20|0x00000000ca400000, 0x00000000ca400000, 0x00000000ca500000|  0%| F|  |TAMS 0x00000000ca400000, 0x00000000ca400000| Untracked 
|  21|0x00000000ca500000, 0x00000000ca500000, 0x00000000ca600000|  0%| F|  |TAMS 0x00000000ca500000, 0x00000000ca500000| Untracked 
|  22|0x00000000ca600000, 0x00000000ca600000, 0x00000000ca700000|  0%| F|  |TAMS 0x00000000ca600000, 0x00000000ca600000| Untracked 
|  23|0x00000000ca700000, 0x00000000ca700000, 0x00000000ca800000|  0%| F|  |TAMS 0x00000000ca700000, 0x00000000ca700000| Untracked 
|  24|0x00000000ca800000, 0x00000000ca800000, 0x00000000ca900000|  0%| F|  |TAMS 0x00000000ca800000, 0x00000000ca800000| Untracked 
|  25|0x00000000ca900000, 0x00000000ca900000, 0x00000000caa00000|  0%| F|  |TAMS 0x00000000ca900000, 0x00000000ca900000| Untracked 
|  26|0x00000000caa00000, 0x00000000caa00000, 0x00000000cab00000|  0%| F|  |TAMS 0x00000000caa00000, 0x00000000caa00000| Untracked 
|  27|0x00000000cab00000, 0x00000000cab00000, 0x00000000cac00000|  0%| F|  |TAMS 0x00000000cab00000, 0x00000000cab00000| Untracked 
|  28|0x00000000cac00000, 0x00000000cac00000, 0x00000000cad00000|  0%| F|  |TAMS 0x00000000cac00000, 0x00000000cac00000| Untracked 
|  29|0x00000000cad00000, 0x00000000cad00000, 0x00000000cae00000|  0%| F|  |TAMS 0x00000000cad00000, 0x00000000cad00000| Untracked 
|  30|0x00000000cae00000, 0x00000000cae00000, 0x00000000caf00000|  0%| F|  |TAMS 0x00000000cae00000, 0x00000000cae00000| Untracked 
|  31|0x00000000caf00000, 0x00000000caf00000, 0x00000000cb000000|  0%| F|  |TAMS 0x00000000caf00000, 0x00000000caf00000| Untracked 
|  32|0x00000000cb000000, 0x00000000cb000000, 0x00000000cb100000|  0%| F|  |TAMS 0x00000000cb000000, 0x00000000cb000000| Untracked 
|  33|0x00000000cb100000, 0x00000000cb100000, 0x00000000cb200000|  0%| F|  |TAMS 0x00000000cb100000, 0x00000000cb100000| Untracked 
|  34|0x00000000cb200000, 0x00000000cb200000, 0x00000000cb300000|  0%| F|  |TAMS 0x00000000cb200000, 0x00000000cb200000| Untracked 
|  35|0x00000000cb300000, 0x00000000cb300000, 0x00000000cb400000|  0%| F|  |TAMS 0x00000000cb300000, 0x00000000cb300000| Untracked 
|  36|0x00000000cb400000, 0x00000000cb400000, 0x00000000cb500000|  0%| F|  |TAMS 0x00000000cb400000, 0x00000000cb400000| Untracked 
|  37|0x00000000cb500000, 0x00000000cb500000, 0x00000000cb600000|  0%| F|  |TAMS 0x00000000cb500000, 0x00000000cb500000| Untracked 
|  38|0x00000000cb600000, 0x00000000cb600000, 0x00000000cb700000|  0%| F|  |TAMS 0x00000000cb600000, 0x00000000cb600000| Untracked 
|  39|0x00000000cb700000, 0x00000000cb700000, 0x00000000cb800000|  0%| F|  |TAMS 0x00000000cb700000, 0x00000000cb700000| Untracked 
|  40|0x00000000cb800000, 0x00000000cb800000, 0x00000000cb900000|  0%| F|  |TAMS 0x00000000cb800000, 0x00000000cb800000| Untracked 
|  41|0x00000000cb900000, 0x00000000cb900000, 0x00000000cba00000|  0%| F|  |TAMS 0x00000000cb900000, 0x00000000cb900000| Untracked 
|  42|0x00000000cba00000, 0x00000000cba00000, 0x00000000cbb00000|  0%| F|  |TAMS 0x00000000cba00000, 0x00000000cba00000| Untracked 
|  43|0x00000000cbb00000, 0x00000000cbb00000, 0x00000000cbc00000|  0%| F|  |TAMS 0x00000000cbb00000, 0x00000000cbb00000| Untracked 
|  44|0x00000000cbc00000, 0x00000000cbc00000, 0x00000000cbd00000|  0%| F|  |TAMS 0x00000000cbc00000, 0x00000000cbc00000| Untracked 
|  45|0x00000000cbd00000, 0x00000000cbd00000, 0x00000000cbe00000|  0%| F|  |TAMS 0x00000000cbd00000, 0x00000000cbd00000| Untracked 
|  46|0x00000000cbe00000, 0x00000000cbe00000, 0x00000000cbf00000|  0%| F|  |TAMS 0x00000000cbe00000, 0x00000000cbe00000| Untracked 
|  47|0x00000000cbf00000, 0x00000000cbf00000, 0x00000000cc000000|  0%| F|  |TAMS 0x00000000cbf00000, 0x00000000cbf00000| Untracked 
|  48|0x00000000cc000000, 0x00000000cc000000, 0x00000000cc100000|  0%| F|  |TAMS 0x00000000cc000000, 0x00000000cc000000| Untracked 
|  49|0x00000000cc100000, 0x00000000cc100000, 0x00000000cc200000|  0%| F|  |TAMS 0x00000000cc100000, 0x00000000cc100000| Untracked 
|  50|0x00000000cc200000, 0x00000000cc200000, 0x00000000cc300000|  0%| F|  |TAMS 0x00000000cc200000, 0x00000000cc200000| Untracked 
|  51|0x00000000cc300000, 0x00000000cc300000, 0x00000000cc400000|  0%| F|  |TAMS 0x00000000cc300000, 0x00000000cc300000| Untracked 
|  52|0x00000000cc400000, 0x00000000cc400000, 0x00000000cc500000|  0%| F|  |TAMS 0x00000000cc400000, 0x00000000cc400000| Untracked 
|  53|0x00000000cc500000, 0x00000000cc500000, 0x00000000cc600000|  0%| F|  |TAMS 0x00000000cc500000, 0x00000000cc500000| Untracked 
|  54|0x00000000cc600000, 0x00000000cc600000, 0x00000000cc700000|  0%| F|  |TAMS 0x00000000cc600000, 0x00000000cc600000| Untracked 
|  55|0x00000000cc700000, 0x00000000cc742900, 0x00000000cc800000| 26%| E|  |TAMS 0x00000000cc700000, 0x00000000cc700000| Complete 

Card table byte_map: [0x000002ba49b10000,0x000002ba49cd0000] _byte_map_base: 0x000002ba494c8000

Marking Bits (Prev, Next): (CMBitMap*) 0x000002ba300af738, (CMBitMap*) 0x000002ba300af778
 Prev Bits: [0x000002ba49e90000, 0x000002ba4ac50000)
 Next Bits: [0x000002ba4ac50000, 0x000002ba4ba10000)

Polling page: 0x000002ba30160000

Metaspace:

Usage:
  Non-class:     16.00 KB capacity,    12.44 KB ( 78%) used,     3.31 KB ( 21%) free+waste,   256 bytes (  2%) overhead. 
      Class:    384.00 KB capacity,     2.03 KB ( <1%) used,   381.91 KB (>99%) free+waste,    64 bytes ( <1%) overhead. 
       Both:    400.00 KB capacity,    14.47 KB (  4%) used,   385.22 KB ( 96%) free+waste,   320 bytes ( <1%) overhead. 

Virtual space:
  Non-class space:       12.00 MB reserved,     256.00 KB (  2%) committed 
      Class space:        1.00 GB reserved,     384.00 KB ( <1%) committed 
             Both:        1.01 GB reserved,     640.00 KB ( <1%) committed 

Chunk freelists:
   Non-Class:  0 bytes
       Class:  0 bytes
        Both:  0 bytes

MaxMetaspaceSize: 17179869184.00 GB
CompressedClassSpaceSize: 1.00 GB

CodeHeap 'non-profiled nmethods': size=120000Kb used=0Kb max_used=0Kb free=120000Kb
 bounds [0x000002ba41e00000, 0x000002ba42070000, 0x000002ba49330000]
CodeHeap 'profiled nmethods': size=120000Kb used=0Kb max_used=0Kb free=120000Kb
 bounds [0x000002ba3a8d0000, 0x000002ba3ab40000, 0x000002ba41e00000]
CodeHeap 'non-nmethods': size=5760Kb used=396Kb max_used=396Kb free=5363Kb
 bounds [0x000002ba3a330000, 0x000002ba3a5a0000, 0x000002ba3a8d0000]
 total_blobs=155 nmethods=0 adapters=128
 compilation: enabled
              stopped_count=0, restarted_count=0
 full_count=0

Compilation events (0 events):
No events

GC Heap History (0 events):
No events

Deoptimization events (0 events):
No events

Classes unloaded (0 events):
No events

Classes redefined (0 events):
No events

Internal exceptions (0 events):
No events

Events (5 events):
Event: 0.034 Loaded shared library C:\Users\Nadya\.jdks\adopt-openjdk-14.0.2\bin\java.dll
Event: 0.035 Loaded shared library C:\Users\Nadya\.jdks\adopt-openjdk-14.0.2\bin\zip.dll
Event: 0.060 Thread 0x000002ba3007e000 Thread added: 0x000002ba3007e000
Event: 0.064 Thread 0x000002ba4e77a800 Thread added: 0x000002ba4e77a800
Event: 0.064 Thread 0x000002ba4e77e800 Thread added: 0x000002ba4e77e800


Dynamic libraries:
0x00007ff6b1040000 - 0x00007ff6b104d000 	C:\Users\Nadya\.jdks\adopt-openjdk-14.0.2\bin\java.exe
0x00007ffaa60d0000 - 0x00007ffaa62c5000 	C:\Windows\SYSTEM32\ntdll.dll
0x00007ffaa5b90000 - 0x00007ffaa5c4d000 	C:\Windows\System32\KERNEL32.DLL
0x00007ffaa3d20000 - 0x00007ffaa3fe9000 	C:\Windows\System32\KERNELBASE.dll
0x00007ffaa3b70000 - 0x00007ffaa3c70000 	C:\Windows\System32\ucrtbase.dll
0x00007ffa926f0000 - 0x00007ffa92705000 	C:\Users\Nadya\.jdks\adopt-openjdk-14.0.2\bin\VCRUNTIME140.dll
0x00007ffa92260000 - 0x00007ffa92278000 	C:\Users\Nadya\.jdks\adopt-openjdk-14.0.2\bin\jli.dll
0x00007ffaa4ef0000 - 0x00007ffaa5090000 	C:\Windows\System32\USER32.dll
0x00007ffaa3c70000 - 0x00007ffaa3c92000 	C:\Windows\System32\win32u.dll
0x00007ffaa5090000 - 0x00007ffaa50ba000 	C:\Windows\System32\GDI32.dll
0x00007ffaa3a60000 - 0x00007ffaa3b6b000 	C:\Windows\System32\gdi32full.dll
0x00007ffa91cf0000 - 0x00007ffa91f8a000 	C:\Windows\WinSxS\amd64_microsoft.windows.common-controls_6595b64144ccf1df_6.0.19041.844_none_ca00b6081b84eb1d\COMCTL32.dll
0x00007ffaa39c0000 - 0x00007ffaa3a5d000 	C:\Windows\System32\msvcp_win.dll
0x00007ffaa5980000 - 0x00007ffaa5a1e000 	C:\Windows\System32\msvcrt.dll
0x00007ffaa5780000 - 0x00007ffaa57b0000 	C:\Windows\System32\IMM32.DLL
0x00007ffa6cb40000 - 0x00007ffa6cbdb000 	C:\Users\Nadya\.jdks\adopt-openjdk-14.0.2\bin\msvcp140.dll
0x00007ffa63080000 - 0x00007ffa63c14000 	C:\Users\Nadya\.jdks\adopt-openjdk-14.0.2\bin\server\jvm.dll
0x00007ffaa4610000 - 0x00007ffaa46bc000 	C:\Windows\System32\ADVAPI32.dll
0x00007ffaa5a20000 - 0x00007ffaa5abc000 	C:\Windows\System32\sechost.dll
0x00007ffaa5d90000 - 0x00007ffaa5ebb000 	C:\Windows\System32\RPCRT4.dll
0x00007ffaa44f0000 - 0x00007ffaa44f8000 	C:\Windows\System32\PSAPI.DLL
0x00007ffa90630000 - 0x00007ffa90639000 	C:\Windows\SYSTEM32\WSOCK32.dll
0x00007ffaa50c0000 - 0x00007ffaa512b000 	C:\Windows\System32\WS2_32.dll
0x00007ffa989f0000 - 0x00007ffa98a17000 	C:\Windows\SYSTEM32\WINMM.dll
0x00007ffaa33a0000 - 0x00007ffaa33aa000 	C:\Windows\SYSTEM32\VERSION.dll
0x00007ffaa2080000 - 0x00007ffaa2092000 	C:\Windows\SYSTEM32\kernel.appcore.dll
0x00007ffa92250000 - 0x00007ffa9225a000 	C:\Users\Nadya\.jdks\adopt-openjdk-14.0.2\bin\jimage.dll
0x00007ffaa1d90000 - 0x00007ffaa1f74000 	C:\Windows\SYSTEM32\DBGHELP.DLL
0x00007ffa8ed00000 - 0x00007ffa8ed2c000 	C:\Windows\SYSTEM32\dbgcore.DLL
0x00007ffaa3ca0000 - 0x00007ffaa3d20000 	C:\Windows\System32\bcryptPrimitives.dll
0x00007ffa7dbf0000 - 0x00007ffa7dbfe000 	C:\Users\Nadya\.jdks\adopt-openjdk-14.0.2\bin\instrument.dll
0x00007ffa88070000 - 0x00007ffa88095000 	C:\Users\Nadya\.jdks\adopt-openjdk-14.0.2\bin\java.dll
0x00007ffa87880000 - 0x00007ffa87896000 	C:\Users\Nadya\.jdks\adopt-openjdk-14.0.2\bin\zip.dll

dbghelp: loaded successfully - version: 4.0.5 - missing functions: none
symbol engine: initialized successfully - sym options: 0x614 - pdb path: .;C:\Users\Nadya\.jdks\adopt-openjdk-14.0.2\bin;C:\Windows\SYSTEM32;C:\Windows\WinSxS\amd64_microsoft.windows.common-controls_6595b64144ccf1df_6.0.19041.844_none_ca00b6081b84eb1d;C:\Users\Nadya\.jdks\adopt-openjdk-14.0.2\bin\server

VM Arguments:
jvm_args: -javaagent:C:\Users\Nadya\AppData\Local\JetBrains\IdeaIC2020.3\testAgent\intellij-coverage-agent-1.0.573.jar=C:\Users\Nadya\AppData\Local\Temp\coverageargs -javaagent:C:\Program Files\JetBrains2\IntelliJ IDEA Community Edition 2020.2.3\lib\idea_rt.jar=61974:C:\Program Files\JetBrains2\IntelliJ IDEA Community Edition 2020.2.3\bin -Dfile.encoding=UTF-8 
java_command: MainKt
java_class_path (initial): C:\Users\Nadya\IdeaProjects\Kotlin_HW1\build\classes\kotlin\main;C:\Users\Nadya\.gradle\caches\modules-2\files-2.1\org.jetbrains.kotlin\kotlin-stdlib-jdk8\1.4.30\aeecfab2e6acbcb80fc6628e8882c98cbbd819cf\kotlin-stdlib-jdk8-1.4.30.jar;C:\Users\Nadya\.gradle\caches\modules-2\files-2.1\org.jetbrains.kotlin\kotlin-stdlib-jdk7\1.4.30\cd81ed90fd79e43f587bd384c2bc6d1aed0bfe31\kotlin-stdlib-jdk7-1.4.30.jar;C:\Users\Nadya\.gradle\caches\modules-2\files-2.1\org.jetbrains.kotlin\kotlin-stdlib\1.4.30\d10d1e10f47006ee08162dde039e38ac487de4ac\kotlin-stdlib-1.4.30.jar;C:\Users\Nadya\.gradle\caches\modules-2\files-2.1\org.jetbrains.kotlin\kotlin-stdlib-common\1.4.30\bb9a3173350f55732416ee27956ea8f9b81f4dbb\kotlin-stdlib-common-1.4.30.jar;C:\Users\Nadya\.gradle\caches\modules-2\files-2.1\org.jetbrains\annotations\13.0\919f0dfe192fb4e063e7dacadee7f8bb9a2672a9\annotations-13.0.jar
Launcher Type: SUN_STANDARD

[Global flags]
     intx CICompilerCount                          = 3                                         {product} {ergonomic}
     uint ConcGCThreads                            = 1                                         {product} {ergonomic}
     uint G1ConcRefinementThreads                  = 4                                         {product} {ergonomic}
   size_t G1HeapRegionSize                         = 1048576                                   {product} {ergonomic}
    uintx GCDrainStackTargetSize                   = 64                                        {product} {ergonomic}
   size_t InitialHeapSize                          = 58720256                                  {product} {ergonomic}
   size_t MarkStackSize                            = 4194304                                   {product} {ergonomic}
   size_t MaxHeapSize                              = 922746880                                 {product} {ergonomic}
   size_t MaxNewSize                               = 553648128                                 {product} {ergonomic}
   size_t MinHeapDeltaBytes                        = 1048576                                   {product} {ergonomic}
   size_t MinHeapSize                              = 8388608                                   {product} {ergonomic}
    uintx NonNMethodCodeHeapSize                   = 5832780                                {pd product} {ergonomic}
    uintx NonProfiledCodeHeapSize                  = 122912730                              {pd product} {ergonomic}
    uintx ProfiledCodeHeapSize                     = 122912730                              {pd product} {ergonomic}
    uintx ReservedCodeCacheSize                    = 251658240                              {pd product} {ergonomic}
     bool SegmentedCodeCache                       = true                                      {product} {ergonomic}
   size_t SoftMaxHeapSize                          = 922746880                              {manageable} {ergonomic}
     bool UseCompressedClassPointers               = true                                 {lp64_product} {ergonomic}
     bool UseCompressedOops                        = true                                 {lp64_product} {ergonomic}
     bool UseG1GC                                  = true                                      {product} {ergonomic}
     bool UseLargePagesIndividualAllocation        = false                                  {pd product} {ergonomic}

Logging:
Log output configuration:
 #0: stdout all=warning uptime,level,tags
 #1: stderr all=off uptime,level,tags

Environment Variables:
PATH=C:\Program Files (x86)\Common Files\Oracle\Java\javapath;C:\ProgramData\Oracle\Java\javapath;C:\Windows\system32;C:\Windows;C:\Windows\System32\Wbem;C:\Windows\System32\WindowsPowerShell\v1.0\;C:\Windows\System32\OpenSSH\;C:\Program Files\Git\cmd;C:\Users\Nadya\AppData\Local\Microsoft\WindowsApps;C:\Program Files\JetBrains2\IntelliJ IDEA Community Edition 2020.2.3\bin;;C:\Gradle\gradle-6.8\bin;
USERNAME=Nadya
OS=Windows_NT
PROCESSOR_IDENTIFIER=Intel64 Family 6 Model 78 Stepping 3, GenuineIntel



---------------  S Y S T E M  ---------------

OS: Windows 10 , 64 bit Build 19041 (10.0.19041.804)
OS uptime: 0 days 1:46 hours

CPU:total 4 (initial active 4) (2 cores per cpu, 2 threads per core) family 6 model 78 stepping 3, cmov, cx8, fxsr, mmx, sse, sse2, sse3, ssse3, sse4.1, sse4.2, popcnt, avx, avx2, aes, clmul, erms, 3dnowpref, lzcnt, ht, tsc, tscinvbit, bmi1, bmi2, adx, fma

Memory: 4k page, system-wide physical 3512M (128M free)
TotalPageFile size 5560M (AvailPageFile size 4M)
current process WorkingSet (physical memory assigned to process): 16M, peak: 16M
current process commit charge ("private bytes"): 123M, peak: 126M

vm_info: OpenJDK 64-Bit Server VM (14.0.2+12) for windows-amd64 JRE (14.0.2+12), built on Jul 15 2020 11:30:16 by "" with MS VC++ 15.9 (VS2017)

END.
