#
# There is insufficient memory for the Java Runtime Environment to continue.
# Native memory allocation (mmap) failed to map 39845888 bytes for Failed to commit area from 0x00000000f0300000 to 0x00000000f2900000 of length 39845888.
# Possible reasons:
#   The system is out of physical RAM or swap space
#   The process is running with CompressedOops enabled, and the Java Heap may be blocking the growth of the native heap
# Possible solutions:
#   Reduce memory load on the system
#   Increase physical memory or swap space
#   Check if swap backing store is full
#   Decrease Java heap size (-Xmx/-Xms)
#   Decrease number of Java threads
#   Decrease Java thread stack sizes (-Xss)
#   Set larger code cache with -XX:ReservedCodeCacheSize=
#   JVM is running with Unscaled Compressed Oops mode in which the Java heap is
#     placed in the first 4GB address space. The Java Heap base address is the
#     maximum limit for the native heap growth. Please use -XX:HeapBaseMinAddress
#     to set the Java Heap base and to place the Java Heap above 4GB virtual address.
# This output file may be truncated or incomplete.
#
#  Out of Memory Error (./src/hotspot/os/windows/os_windows.cpp:3315), pid=4456, tid=5596
#
# JRE version: OpenJDK Runtime Environment AdoptOpenJDK (14.0.2+12) (build 14.0.2+12)
# Java VM: OpenJDK 64-Bit Server VM AdoptOpenJDK (14.0.2+12, mixed mode, sharing, tiered, compressed oops, g1 gc, windows-amd64)
# No core dump will be written. Minidumps are not enabled by default on client versions of Windows
#

---------------  S U M M A R Y ------------

Command Line: --add-opens=java.base/java.util=ALL-UNNAMED --add-opens=java.base/java.lang=ALL-UNNAMED --add-opens=java.base/java.lang.invoke=ALL-UNNAMED --add-opens=java.prefs/java.util.prefs=ALL-UNNAMED -XX:MaxMetaspaceSize=256m -XX:+HeapDumpOnOutOfMemoryError -Xms256m -Xmx512m -Dfile.encoding=windows-1251 -Duser.country=RU -Duser.language=ru -Duser.variant org.gradle.launcher.daemon.bootstrap.GradleDaemon 6.6.1

Host: Intel(R) Core(TM) i5-6200U CPU @ 2.30GHz, 4 cores, 3G,  Windows 10 , 64 bit Build 19041 (10.0.19041.804)
Time: Sat Apr  3 18:21:48 2021 RTZ 1 (зима) elapsed time: 1221 seconds (0d 0h 20m 21s)

---------------  T H R E A D  ---------------

Current thread (0x000002c2281e1800):  VMThread "VM Thread" [stack: 0x000000dd7b600000,0x000000dd7b700000] [id=5596]

Stack: [0x000000dd7b600000,0x000000dd7b700000]
[error occurred during error reporting (printing stack bounds), id 0xc0000005, EXCEPTION_ACCESS_VIOLATION (0xc0000005) at pc=0x000002c215a210ad]

Native frames: (J=compiled Java code, j=interpreted, Vv=VM code, C=native code)
V  [jvm.dll+0x5fd67a]
V  [jvm.dll+0x79785a]
V  [jvm.dll+0x79900f]
V  [jvm.dll+0x7995b5]
V  [jvm.dll+0x79956b]
V  [jvm.dll+0x5fcb4f]
V  [jvm.dll+0x5fd318]
C  [ntdll.dll+0xa1f6f]
C  [ntdll.dll+0x51454]
C  [ntdll.dll+0xa0a9e]
C  0x000002c215a210ad

VM_Operation (0x000000dd7b2ff790): G1Concurrent, mode: safepoint, requested by thread 0x000002c20cfc9800


---------------  P R O C E S S  ---------------

Threads class SMR info:
_java_thread_list=0x000002c22ec261b0, length=68, elements={
0x000002c20cf9a000, 0x000002c2281e4000, 0x000002c2281e5800, 0x000002c228203800,
0x000002c228204800, 0x000002c228208000, 0x000002c228209800, 0x000002c228214800,
0x000002c228229800, 0x000002c228c65800, 0x000002c228caf000, 0x000002c22a4ee800,
0x000002c22a65c800, 0x000002c229d96800, 0x000002c22a57f800, 0x000002c22a581800,
0x000002c22a583000, 0x000002c22dc62000, 0x000002c22dc64800, 0x000002c22dc66800,
0x000002c22dc61800, 0x000002c22dc6c000, 0x000002c22a583800, 0x000002c22a57e000,
0x000002c22a582000, 0x000002c22b201000, 0x000002c22b200800, 0x000002c22b202000,
0x000002c22b1fe000, 0x000002c22b1fc800, 0x000002c22b1ff800, 0x000002c22b1fd000,
0x000002c22b203800, 0x000002c22b1fe800, 0x000002c22b206000, 0x000002c22b207000,
0x000002c22b204800, 0x000002c22b205800, 0x000002c22b207800, 0x000002c22b208800,
0x000002c22b203000, 0x000002c22b209800, 0x000002c22b20a000, 0x000002c22b20b000,
0x000002c22edb9800, 0x000002c22edb8800, 0x000002c22edb5000, 0x000002c22edba000,
0x000002c22edb7800, 0x000002c22edb4800, 0x000002c22edbb000, 0x000002c22edbc000,
0x000002c22edb6000, 0x000002c22edbc800, 0x000002c22edb7000, 0x000002c22edc0800,
0x000002c22edbd800, 0x000002c22edc0000, 0x000002c22edc1800, 0x000002c22edc2800,
0x000002c22edc3000, 0x000002c22edbf000, 0x000002c22dc6b000, 0x000002c22dc68800,
0x000002c22dc6a800, 0x000002c22dc65800, 0x000002c22dc68000, 0x000002c22dc69800
}

Java Threads: ( => current thread )
  0x000002c20cf9a000 JavaThread "main" [_thread_blocked, id=1728, stack(0x000000dd7b000000,0x000000dd7b100000)]
  0x000002c2281e4000 JavaThread "Reference Handler" daemon [_thread_blocked, id=8484, stack(0x000000dd7b700000,0x000000dd7b800000)]
  0x000002c2281e5800 JavaThread "Finalizer" daemon [_thread_blocked, id=3688, stack(0x000000dd7b800000,0x000000dd7b900000)]
  0x000002c228203800 JavaThread "Signal Dispatcher" daemon [_thread_blocked, id=9324, stack(0x000000dd7b900000,0x000000dd7ba00000)]
  0x000002c228204800 JavaThread "Attach Listener" daemon [_thread_blocked, id=7972, stack(0x000000dd7ba00000,0x000000dd7bb00000)]
  0x000002c228208000 JavaThread "Service Thread" daemon [_thread_blocked, id=7116, stack(0x000000dd7bb00000,0x000000dd7bc00000)]
  0x000002c228209800 JavaThread "C2 CompilerThread0" daemon [_thread_blocked, id=8528, stack(0x000000dd7bc00000,0x000000dd7bd00000)]
  0x000002c228214800 JavaThread "C1 CompilerThread0" daemon [_thread_blocked, id=7136, stack(0x000000dd7bd00000,0x000000dd7be00000)]
  0x000002c228229800 JavaThread "Sweeper thread" daemon [_thread_blocked, id=2800, stack(0x000000dd7be00000,0x000000dd7bf00000)]
  0x000002c228c65800 JavaThread "Common-Cleaner" daemon [_thread_blocked, id=6380, stack(0x000000dd7bf00000,0x000000dd7c000000)]
  0x000002c228caf000 JavaThread "Notification Thread" daemon [_thread_blocked, id=8532, stack(0x000000dd7c000000,0x000000dd7c100000)]
  0x000002c22a4ee800 JavaThread "Daemon health stats" [_thread_blocked, id=4228, stack(0x000000dd7c200000,0x000000dd7c300000)]
  0x000002c22a65c800 JavaThread "Incoming local TCP Connector on port 55099" [_thread_in_native, id=5156, stack(0x000000dd7c800000,0x000000dd7c900000)]
  0x000002c229d96800 JavaThread "Daemon periodic checks" [_thread_blocked, id=6000, stack(0x000000dd7c900000,0x000000dd7ca00000)]
  0x000002c22a57f800 JavaThread "Cache worker for file hash cache (C:\Users\Nadya\.gradle\caches\6.6.1\fileHashes)" [_thread_blocked, id=5984, stack(0x000000dd7d100000,0x000000dd7d200000)]
  0x000002c22a581800 JavaThread "File lock request listener" [_thread_in_native, id=8388, stack(0x000000dd7d200000,0x000000dd7d300000)]
  0x000002c22a583000 JavaThread "Cache worker for journal cache (C:\Users\Nadya\.gradle\caches\journal-1)" [_thread_blocked, id=3244, stack(0x000000dd7d300000,0x000000dd7d400000)]
  0x000002c22dc62000 JavaThread "Cache worker for execution history cache (C:\Users\Nadya\.gradle\caches\6.6.1\executionHistory)" [_thread_blocked, id=3592, stack(0x000000dd7d800000,0x000000dd7d900000)]
  0x000002c22dc64800 JavaThread "Cache worker for file content cache (C:\Users\Nadya\.gradle\caches\6.6.1\fileContent)" [_thread_blocked, id=3148, stack(0x000000dd7da00000,0x000000dd7db00000)]
  0x000002c22dc66800 JavaThread "Daemon Thread 4" [_thread_blocked, id=2588, stack(0x000000dd7ad00000,0x000000dd7ae00000)]
  0x000002c22dc61800 JavaThread "Daemon worker Thread 4" [_thread_blocked, id=4616, stack(0x000000dd7c600000,0x000000dd7c700000)]
  0x000002c22dc6c000 JavaThread "jar transforms Thread 82" [_thread_blocked, id=7956, stack(0x000000dd7d000000,0x000000dd7d100000)]
  0x000002c22a583800 JavaThread "jar transforms Thread 83" [_thread_blocked, id=2488, stack(0x000000dd7db00000,0x000000dd7dc00000)]
  0x000002c22a57e000 JavaThread "jar transforms Thread 84" [_thread_blocked, id=4536, stack(0x000000dd7dc00000,0x000000dd7dd00000)]
  0x000002c22a582000 JavaThread "jar transforms Thread 85" [_thread_blocked, id=9348, stack(0x000000dd7dd00000,0x000000dd7de00000)]
  0x000002c22b201000 JavaThread "jar transforms Thread 86" [_thread_blocked, id=4056, stack(0x000000dd7de00000,0x000000dd7df00000)]
  0x000002c22b200800 JavaThread "jar transforms Thread 87" [_thread_blocked, id=7184, stack(0x000000dd7df00000,0x000000dd7e000000)]
  0x000002c22b202000 JavaThread "jar transforms Thread 88" [_thread_blocked, id=6912, stack(0x000000dd7e100000,0x000000dd7e200000)]
  0x000002c22b1fe000 JavaThread "jar transforms Thread 89" [_thread_blocked, id=3388, stack(0x000000dd7e200000,0x000000dd7e300000)]
  0x000002c22b1fc800 JavaThread "jar transforms Thread 90" [_thread_blocked, id=1236, stack(0x000000dd7e300000,0x000000dd7e400000)]
  0x000002c22b1ff800 JavaThread "jar transforms Thread 91" [_thread_blocked, id=4452, stack(0x000000dd7e400000,0x000000dd7e500000)]
  0x000002c22b1fd000 JavaThread "jar transforms Thread 92" [_thread_blocked, id=3144, stack(0x000000dd7e500000,0x000000dd7e600000)]
  0x000002c22b203800 JavaThread "jar transforms Thread 93" [_thread_blocked, id=8584, stack(0x000000dd7e600000,0x000000dd7e700000)]
  0x000002c22b1fe800 JavaThread "jar transforms Thread 94" [_thread_blocked, id=6952, stack(0x000000dd7e700000,0x000000dd7e800000)]
  0x000002c22b206000 JavaThread "jar transforms Thread 95" [_thread_blocked, id=2936, stack(0x000000dd7e800000,0x000000dd7e900000)]
  0x000002c22b207000 JavaThread "jar transforms Thread 96" [_thread_blocked, id=5704, stack(0x000000dd7e900000,0x000000dd7ea00000)]
  0x000002c22b204800 JavaThread "jar transforms Thread 97" [_thread_blocked, id=4332, stack(0x000000dd7ea00000,0x000000dd7eb00000)]
  0x000002c22b205800 JavaThread "jar transforms Thread 98" [_thread_blocked, id=4112, stack(0x000000dd7eb00000,0x000000dd7ec00000)]
  0x000002c22b207800 JavaThread "jar transforms Thread 99" [_thread_blocked, id=5928, stack(0x000000dd7ec00000,0x000000dd7ed00000)]
  0x000002c22b208800 JavaThread "jar transforms Thread 100" [_thread_blocked, id=3628, stack(0x000000dd7ed00000,0x000000dd7ee00000)]
  0x000002c22b203000 JavaThread "jar transforms Thread 101" [_thread_blocked, id=8264, stack(0x000000dd7ee00000,0x000000dd7ef00000)]
  0x000002c22b209800 JavaThread "jar transforms Thread 102" [_thread_blocked, id=6072, stack(0x000000dd7ef00000,0x000000dd7f000000)]
  0x000002c22b20a000 JavaThread "jar transforms Thread 103" [_thread_blocked, id=7592, stack(0x000000dd7f000000,0x000000dd7f100000)]
  0x000002c22b20b000 JavaThread "jar transforms Thread 104" [_thread_blocked, id=7796, stack(0x000000dd7f100000,0x000000dd7f200000)]
  0x000002c22edb9800 JavaThread "jar transforms Thread 105" [_thread_blocked, id=5488, stack(0x000000dd7f200000,0x000000dd7f300000)]
  0x000002c22edb8800 JavaThread "jar transforms Thread 106" [_thread_blocked, id=9844, stack(0x000000dd7f300000,0x000000dd7f400000)]
  0x000002c22edb5000 JavaThread "jar transforms Thread 107" [_thread_blocked, id=1688, stack(0x000000dd7f400000,0x000000dd7f500000)]
  0x000002c22edba000 JavaThread "jar transforms Thread 108" [_thread_blocked, id=9408, stack(0x000000dd7f500000,0x000000dd7f600000)]
  0x000002c22edb7800 JavaThread "Handler for socket connection from /127.0.0.1:55099 to /127.0.0.1:61400" [_thread_in_native, id=4696, stack(0x000000dd7ae00000,0x000000dd7af00000)]
  0x000002c22edb4800 JavaThread "Cancel handler" [_thread_blocked, id=8160, stack(0x000000dd7af00000,0x000000dd7b000000)]
  0x000002c22edbb000 JavaThread "Asynchronous log dispatcher for DefaultDaemonConnection: socket connection from /127.0.0.1:55099 to /127.0.0.1:61400" [_thread_blocked, id=1660, stack(0x000000dd7c700000,0x000000dd7c800000)]
  0x000002c22edbc000 JavaThread "Stdin handler" [_thread_blocked, id=5804, stack(0x000000dd7ca00000,0x000000dd7cb00000)]
  0x000002c22edb6000 JavaThread "Thread-246" [_thread_blocked, id=7264, stack(0x000000dd7cb00000,0x000000dd7cc00000)]
  0x000002c22edbc800 JavaThread "Cache worker for file hash cache (C:\Users\Nadya\IdeaProjects\Kotlin_HW1\.gradle\6.6.1\fileHashes)" [_thread_blocked, id=5496, stack(0x000000dd7cc00000,0x000000dd7cd00000)]
  0x000002c22edb7000 JavaThread "Cache worker for checksums cache (C:\Users\Nadya\IdeaProjects\Kotlin_HW1\.gradle\checksums)" [_thread_blocked, id=2812, stack(0x000000dd7cd00000,0x000000dd7ce00000)]
  0x000002c22edc0800 JavaThread "Cache worker for cache directory md-supplier (C:\Users\Nadya\.gradle\caches\6.6.1\md-supplier)" [_thread_blocked, id=9264, stack(0x000000dd7ce00000,0x000000dd7cf00000)]
  0x000002c22edbd800 JavaThread "Cache worker for cache directory md-rule (C:\Users\Nadya\.gradle\caches\6.6.1\md-rule)" [_thread_blocked, id=5140, stack(0x000000dd7cf00000,0x000000dd7d000000)]
  0x000002c22edc0000 JavaThread "Cache worker for Build Output Cleanup Cache (C:\Users\Nadya\IdeaProjects\Kotlin_HW1\.gradle\buildOutputCleanup)" [_thread_blocked, id=2432, stack(0x000000dd7d400000,0x000000dd7d500000)]
  0x000002c22edc1800 JavaThread "Build operations" [_thread_blocked, id=8624, stack(0x000000dd7d500000,0x000000dd7d600000)]
  0x000002c22edc2800 JavaThread "Build operations Thread 2" [_thread_blocked, id=5360, stack(0x000000dd7d600000,0x000000dd7d700000)]
  0x000002c22edc3000 JavaThread "Build operations Thread 3" [_thread_blocked, id=2760, stack(0x000000dd7d700000,0x000000dd7d800000)]
  0x000002c22edbf000 JavaThread "Build operations Thread 4" [_thread_blocked, id=8536, stack(0x000000dd7d900000,0x000000dd7da00000)]
  0x000002c22dc6b000 JavaThread "Memory manager" [_thread_blocked, id=8456, stack(0x000000dd7f700000,0x000000dd7f800000)]
  0x000002c22dc68800 JavaThread "Cache worker for file content cache (C:\Users\Nadya\IdeaProjects\Kotlin_HW1\.gradle\6.6.1\fileContent)" [_thread_blocked, id=7172, stack(0x000000dd7f800000,0x000000dd7f900000)]
  0x000002c22dc6a800 JavaThread "Execution worker for ':'" [_thread_blocked, id=8636, stack(0x000000dd7fd00000,0x000000dd7fe00000)]
  0x000002c22dc65800 JavaThread "Execution worker for ':' Thread 2" [_thread_blocked, id=1612, stack(0x000000dd7fe00000,0x000000dd7ff00000)]
  0x000002c22dc68000 JavaThread "Execution worker for ':' Thread 3" [_thread_blocked, id=5556, stack(0x000000dd00000000,0x000000dd00100000)]
  0x000002c22dc69800 JavaThread "Cache worker for execution history cache (C:\Users\Nadya\IdeaProjects\Kotlin_HW1\.gradle\6.6.1\executionHistory)" [_thread_blocked, id=3284, stack(0x000000dd00100000,0x000000dd00200000)]

Other Threads:
=>0x000002c2281e1800 VMThread "VM Thread" [stack: 0x000000dd7b600000,0x000000dd7b700000] [id=5596]
  0x000002c228cb0000 WatcherThread [stack: 0x000000dd7c100000,0x000000dd7c200000] [id=1248]
  0x000002c20cfc3800 GCTaskThread "GC Thread#0" [stack: 0x000000dd7b100000,0x000000dd7b200000] [id=6212]
  0x000002c229096000 GCTaskThread "GC Thread#1" [stack: 0x000000dd7c300000,0x000000dd7c400000] [id=472]
  0x000002c228fe1000 GCTaskThread "GC Thread#2" [stack: 0x000000dd7c400000,0x000000dd7c500000] [id=8928]
  0x000002c228ea0800 GCTaskThread "GC Thread#3" [stack: 0x000000dd7c500000,0x000000dd7c600000] [id=5588]
  0x000002c20cfc9800 ConcurrentGCThread "G1 Main Marker" [stack: 0x000000dd7b200000,0x000000dd7b300000] [id=8744]
  0x000002c20cfcb000 ConcurrentGCThread "G1 Conc#0" [stack: 0x000000dd7b300000,0x000000dd7b400000] [id=2272]
  0x000002c20d07e000 ConcurrentGCThread "G1 Refine#0" [stack: 0x000000dd7b400000,0x000000dd7b500000] [id=8092]
  0x000002c22d368000 ConcurrentGCThread "G1 Refine#1" [stack: 0x000000dd7ff00000,0x000000dd80000000] [id=4692]
  0x000002c22ccb2800 ConcurrentGCThread "G1 Refine#2" [stack: 0x000000dd7e000000,0x000000dd7e100000] [id=6876]
  0x000002c23d4bf000 ConcurrentGCThread "G1 Refine#3" [stack: 0x000000dd7f600000,0x000000dd7f700000] [id=5524]
  0x000002c228093800 ConcurrentGCThread "G1 Young RemSet Sampling" [stack: 0x000000dd7b500000,0x000000dd7b600000] [id=1444]

Threads with active compile tasks:

VM state:at safepoint (normal execution)

VM Mutex/Monitor currently owned by a thread:  ([mutex/lock_event])
[0x000002c20cf941d0] Threads_lock - owner thread: 0x000002c2281e1800
[0x000002c20cf95850] Heap_lock - owner thread: 0x000002c20cfc9800

Heap address: 0x00000000e0000000, size: 512 MB, Compressed Oops mode: 32-bit
Narrow klass base: 0x0000000800000000, Narrow klass shift: 3
Compressed class space size: 260046848 Address: 0x0000000800b30000

Heap:
 garbage-first heap   total 304128K, used 181248K [0x00000000e0000000, 0x0000000100000000)
  region size 1024K, 19 young (19456K), 6 survivors (6144K)
 Metaspace       used 113301K, capacity 115450K, committed 119120K, reserved 358400K
  class space    used 14563K, capacity 15300K, committed 15996K, reserved 253952K
Heap Regions: E=young(eden), S=young(survivor), O=old, HS=humongous(starts), HC=humongous(continues), CS=collection set, F=free, OA=open archive, CA=closed archive, TAMS=top-at-mark-start (previous, next)
|   0|0x00000000e0000000, 0x00000000e0100000, 0x00000000e0100000|100%| O|  |TAMS 0x00000000e0100000, 0x00000000e0000000| Updating 
|   1|0x00000000e0100000, 0x00000000e0200000, 0x00000000e0200000|100%| O|  |TAMS 0x00000000e0200000, 0x00000000e0100000| Updating 
|   2|0x00000000e0200000, 0x00000000e0300000, 0x00000000e0300000|100%| O|  |TAMS 0x00000000e0300000, 0x00000000e0200000| Updating 
|   3|0x00000000e0300000, 0x00000000e0400000, 0x00000000e0400000|100%|HS|  |TAMS 0x00000000e0400000, 0x00000000e0300000| Complete 
|   4|0x00000000e0400000, 0x00000000e0500000, 0x00000000e0500000|100%|HC|  |TAMS 0x00000000e0500000, 0x00000000e0400000| Complete 
|   5|0x00000000e0500000, 0x00000000e0600000, 0x00000000e0600000|100%|HC|  |TAMS 0x00000000e0600000, 0x00000000e0500000| Complete 
|   6|0x00000000e0600000, 0x00000000e0700000, 0x00000000e0700000|100%| O|  |TAMS 0x00000000e0700000, 0x00000000e0600000| Updating 
|   7|0x00000000e0700000, 0x00000000e0800000, 0x00000000e0800000|100%| O|  |TAMS 0x00000000e0800000, 0x00000000e0700000| Updating 
|   8|0x00000000e0800000, 0x00000000e0900000, 0x00000000e0900000|100%| O|  |TAMS 0x00000000e0900000, 0x00000000e0800000| Updating 
|   9|0x00000000e0900000, 0x00000000e0a00000, 0x00000000e0a00000|100%|HS|  |TAMS 0x00000000e0a00000, 0x00000000e0900000| Complete 
|  10|0x00000000e0a00000, 0x00000000e0b00000, 0x00000000e0b00000|100%|HC|  |TAMS 0x00000000e0b00000, 0x00000000e0a00000| Complete 
|  11|0x00000000e0b00000, 0x00000000e0c00000, 0x00000000e0c00000|100%|HC|  |TAMS 0x00000000e0c00000, 0x00000000e0b00000| Complete 
|  12|0x00000000e0c00000, 0x00000000e0d00000, 0x00000000e0d00000|100%| O|  |TAMS 0x00000000e0d00000, 0x00000000e0c00000| Updating 
|  13|0x00000000e0d00000, 0x00000000e0e00000, 0x00000000e0e00000|100%| O|  |TAMS 0x00000000e0e00000, 0x00000000e0d00000| Updating 
|  14|0x00000000e0e00000, 0x00000000e0f00000, 0x00000000e0f00000|100%| O|  |TAMS 0x00000000e0f00000, 0x00000000e0e00000| Updating 
|  15|0x00000000e0f00000, 0x00000000e1000000, 0x00000000e1000000|100%| O|  |TAMS 0x00000000e1000000, 0x00000000e0f00000| Updating 
|  16|0x00000000e1000000, 0x00000000e1100000, 0x00000000e1100000|100%| O|  |TAMS 0x00000000e1100000, 0x00000000e1000000| Updating 
|  17|0x00000000e1100000, 0x00000000e1200000, 0x00000000e1200000|100%| O|  |TAMS 0x00000000e1200000, 0x00000000e1100000| Updating 
|  18|0x00000000e1200000, 0x00000000e1300000, 0x00000000e1300000|100%| O|  |TAMS 0x00000000e1300000, 0x00000000e1200000| Updating 
|  19|0x00000000e1300000, 0x00000000e1400000, 0x00000000e1400000|100%| O|  |TAMS 0x00000000e1400000, 0x00000000e1300000| Updating 
|  20|0x00000000e1400000, 0x00000000e1500000, 0x00000000e1500000|100%| O|  |TAMS 0x00000000e1500000, 0x00000000e1400000| Updating 
|  21|0x00000000e1500000, 0x00000000e1600000, 0x00000000e1600000|100%| O|  |TAMS 0x00000000e1600000, 0x00000000e1500000| Updating 
|  22|0x00000000e1600000, 0x00000000e1700000, 0x00000000e1700000|100%| O|  |TAMS 0x00000000e1700000, 0x00000000e1600000| Updating 
|  23|0x00000000e1700000, 0x00000000e1800000, 0x00000000e1800000|100%| O|  |TAMS 0x00000000e1800000, 0x00000000e1700000| Updating 
|  24|0x00000000e1800000, 0x00000000e1900000, 0x00000000e1900000|100%| O|  |TAMS 0x00000000e1900000, 0x00000000e1800000| Updating 
|  25|0x00000000e1900000, 0x00000000e1a00000, 0x00000000e1a00000|100%| O|  |TAMS 0x00000000e1a00000, 0x00000000e1900000| Updating 
|  26|0x00000000e1a00000, 0x00000000e1b00000, 0x00000000e1b00000|100%| O|  |TAMS 0x00000000e1b00000, 0x00000000e1a00000| Updating 
|  27|0x00000000e1b00000, 0x00000000e1c00000, 0x00000000e1c00000|100%| O|  |TAMS 0x00000000e1c00000, 0x00000000e1b00000| Updating 
|  28|0x00000000e1c00000, 0x00000000e1d00000, 0x00000000e1d00000|100%| O|  |TAMS 0x00000000e1d00000, 0x00000000e1c00000| Updating 
|  29|0x00000000e1d00000, 0x00000000e1e00000, 0x00000000e1e00000|100%| O|  |TAMS 0x00000000e1e00000, 0x00000000e1d00000| Updating 
|  30|0x00000000e1e00000, 0x00000000e1f00000, 0x00000000e1f00000|100%|HS|  |TAMS 0x00000000e1f00000, 0x00000000e1e00000| Complete 
|  31|0x00000000e1f00000, 0x00000000e2000000, 0x00000000e2000000|100%|HC|  |TAMS 0x00000000e2000000, 0x00000000e1f00000| Complete 
|  32|0x00000000e2000000, 0x00000000e2100000, 0x00000000e2100000|100%|HC|  |TAMS 0x00000000e2100000, 0x00000000e2000000| Complete 
|  33|0x00000000e2100000, 0x00000000e2200000, 0x00000000e2200000|100%| O|  |TAMS 0x00000000e2200000, 0x00000000e2100000| Updating 
|  34|0x00000000e2200000, 0x00000000e2300000, 0x00000000e2300000|100%| O|  |TAMS 0x00000000e2300000, 0x00000000e2200000| Updating 
|  35|0x00000000e2300000, 0x00000000e2400000, 0x00000000e2400000|100%| O|  |TAMS 0x00000000e2400000, 0x00000000e2300000| Updating 
|  36|0x00000000e2400000, 0x00000000e2500000, 0x00000000e2500000|100%| O|  |TAMS 0x00000000e2500000, 0x00000000e2400000| Updating 
|  37|0x00000000e2500000, 0x00000000e2600000, 0x00000000e2600000|100%| O|  |TAMS 0x00000000e2600000, 0x00000000e2500000| Updating 
|  38|0x00000000e2600000, 0x00000000e2700000, 0x00000000e2700000|100%| O|  |TAMS 0x00000000e2600000, 0x00000000e2600000| Untracked 
|  39|0x00000000e2700000, 0x00000000e2800000, 0x00000000e2800000|100%| O|  |TAMS 0x00000000e2800000, 0x00000000e2700000| Updating 
|  40|0x00000000e2800000, 0x00000000e2900000, 0x00000000e2900000|100%| O|  |TAMS 0x00000000e2900000, 0x00000000e2800000| Updating 
|  41|0x00000000e2900000, 0x00000000e2a00000, 0x00000000e2a00000|100%| O|  |TAMS 0x00000000e2a00000, 0x00000000e2900000| Updating 
|  42|0x00000000e2a00000, 0x00000000e2b00000, 0x00000000e2b00000|100%| O|  |TAMS 0x00000000e2b00000, 0x00000000e2a00000| Updating 
|  43|0x00000000e2b00000, 0x00000000e2c00000, 0x00000000e2c00000|100%| O|  |TAMS 0x00000000e2c00000, 0x00000000e2b00000| Updating 
|  44|0x00000000e2c00000, 0x00000000e2d00000, 0x00000000e2d00000|100%| O|  |TAMS 0x00000000e2d00000, 0x00000000e2c00000| Updating 
|  45|0x00000000e2d00000, 0x00000000e2e00000, 0x00000000e2e00000|100%| O|  |TAMS 0x00000000e2e00000, 0x00000000e2d00000| Updating 
|  46|0x00000000e2e00000, 0x00000000e2f00000, 0x00000000e2f00000|100%| O|  |TAMS 0x00000000e2f00000, 0x00000000e2e00000| Updating 
|  47|0x00000000e2f00000, 0x00000000e3000000, 0x00000000e3000000|100%| O|  |TAMS 0x00000000e3000000, 0x00000000e2f00000| Updating 
|  48|0x00000000e3000000, 0x00000000e3100000, 0x00000000e3100000|100%| O|  |TAMS 0x00000000e3100000, 0x00000000e3000000| Updating 
|  49|0x00000000e3100000, 0x00000000e3200000, 0x00000000e3200000|100%| O|  |TAMS 0x00000000e3100000, 0x00000000e3100000| Untracked 
|  50|0x00000000e3200000, 0x00000000e3300000, 0x00000000e3300000|100%| O|  |TAMS 0x00000000e3300000, 0x00000000e3200000| Updating 
|  51|0x00000000e3300000, 0x00000000e3400000, 0x00000000e3400000|100%| O|  |TAMS 0x00000000e3400000, 0x00000000e3300000| Updating 
|  52|0x00000000e3400000, 0x00000000e3500000, 0x00000000e3500000|100%| O|  |TAMS 0x00000000e3500000, 0x00000000e3400000| Updating 
|  53|0x00000000e3500000, 0x00000000e3600000, 0x00000000e3600000|100%| O|  |TAMS 0x00000000e3600000, 0x00000000e3500000| Updating 
|  54|0x00000000e3600000, 0x00000000e3700000, 0x00000000e3700000|100%| O|  |TAMS 0x00000000e3700000, 0x00000000e3600000| Updating 
|  55|0x00000000e3700000, 0x00000000e3800000, 0x00000000e3800000|100%| O|  |TAMS 0x00000000e3800000, 0x00000000e3700000| Updating 
|  56|0x00000000e3800000, 0x00000000e3900000, 0x00000000e3900000|100%| O|  |TAMS 0x00000000e3900000, 0x00000000e3800000| Updating 
|  57|0x00000000e3900000, 0x00000000e3a00000, 0x00000000e3a00000|100%| O|  |TAMS 0x00000000e3900000, 0x00000000e3900000| Untracked 
|  58|0x00000000e3a00000, 0x00000000e3b00000, 0x00000000e3b00000|100%| O|  |TAMS 0x00000000e3b00000, 0x00000000e3a00000| Updating 
|  59|0x00000000e3b00000, 0x00000000e3c00000, 0x00000000e3c00000|100%| O|  |TAMS 0x00000000e3b00000, 0x00000000e3b00000| Untracked 
|  60|0x00000000e3c00000, 0x00000000e3d00000, 0x00000000e3d00000|100%| O|  |TAMS 0x00000000e3c00000, 0x00000000e3c00000| Untracked 
|  61|0x00000000e3d00000, 0x00000000e3e00000, 0x00000000e3e00000|100%| O|  |TAMS 0x00000000e3e00000, 0x00000000e3d00000| Updating 
|  62|0x00000000e3e00000, 0x00000000e3f00000, 0x00000000e3f00000|100%| O|  |TAMS 0x00000000e3f00000, 0x00000000e3e00000| Updating 
|  63|0x00000000e3f00000, 0x00000000e4000000, 0x00000000e4000000|100%| O|  |TAMS 0x00000000e3f00000, 0x00000000e3f00000| Untracked 
|  64|0x00000000e4000000, 0x00000000e4100000, 0x00000000e4100000|100%| O|  |TAMS 0x00000000e4000000, 0x00000000e4000000| Untracked 
|  65|0x00000000e4100000, 0x00000000e4200000, 0x00000000e4200000|100%| O|  |TAMS 0x00000000e4200000, 0x00000000e4100000| Updating 
|  66|0x00000000e4200000, 0x00000000e4300000, 0x00000000e4300000|100%|HS|  |TAMS 0x00000000e4300000, 0x00000000e4200000| Complete 
|  67|0x00000000e4300000, 0x00000000e4400000, 0x00000000e4400000|100%|HC|  |TAMS 0x00000000e4400000, 0x00000000e4300000| Complete 
|  68|0x00000000e4400000, 0x00000000e4500000, 0x00000000e4500000|100%|HC|  |TAMS 0x00000000e4500000, 0x00000000e4400000| Complete 
|  69|0x00000000e4500000, 0x00000000e4600000, 0x00000000e4600000|100%| O|  |TAMS 0x00000000e4600000, 0x00000000e4500000| Updating 
|  70|0x00000000e4600000, 0x00000000e4700000, 0x00000000e4700000|100%| O|  |TAMS 0x00000000e4700000, 0x00000000e4600000| Updating 
|  71|0x00000000e4700000, 0x00000000e4800000, 0x00000000e4800000|100%| O|  |TAMS 0x00000000e4800000, 0x00000000e4700000| Updating 
|  72|0x00000000e4800000, 0x00000000e4900000, 0x00000000e4900000|100%| O|  |TAMS 0x00000000e4800000, 0x00000000e4800000| Untracked 
|  73|0x00000000e4900000, 0x00000000e4a00000, 0x00000000e4a00000|100%| O|  |TAMS 0x00000000e4a00000, 0x00000000e4900000| Updating 
|  74|0x00000000e4a00000, 0x00000000e4b00000, 0x00000000e4b00000|100%| O|  |TAMS 0x00000000e4b00000, 0x00000000e4a00000| Updating 
|  75|0x00000000e4b00000, 0x00000000e4c00000, 0x00000000e4c00000|100%| O|  |TAMS 0x00000000e4c00000, 0x00000000e4b00000| Updating 
|  76|0x00000000e4c00000, 0x00000000e4d00000, 0x00000000e4d00000|100%| O|  |TAMS 0x00000000e4d00000, 0x00000000e4c00000| Updating 
|  77|0x00000000e4d00000, 0x00000000e4e00000, 0x00000000e4e00000|100%| O|  |TAMS 0x00000000e4e00000, 0x00000000e4d00000| Updating 
|  78|0x00000000e4e00000, 0x00000000e4f00000, 0x00000000e4f00000|100%| O|  |TAMS 0x00000000e4f00000, 0x00000000e4e00000| Updating 
|  79|0x00000000e4f00000, 0x00000000e5000000, 0x00000000e5000000|100%| O|  |TAMS 0x00000000e5000000, 0x00000000e4f00000| Updating 
|  80|0x00000000e5000000, 0x00000000e5100000, 0x00000000e5100000|100%| O|  |TAMS 0x00000000e5100000, 0x00000000e5000000| Updating 
|  81|0x00000000e5100000, 0x00000000e5200000, 0x00000000e5200000|100%| O|  |TAMS 0x00000000e5200000, 0x00000000e5100000| Updating 
|  82|0x00000000e5200000, 0x00000000e5300000, 0x00000000e5300000|100%| O|  |TAMS 0x00000000e5300000, 0x00000000e5200000| Updating 
|  83|0x00000000e5300000, 0x00000000e5400000, 0x00000000e5400000|100%| O|  |TAMS 0x00000000e5400000, 0x00000000e5300000| Updating 
|  84|0x00000000e5400000, 0x00000000e5500000, 0x00000000e5500000|100%| O|  |TAMS 0x00000000e5400000, 0x00000000e5400000| Untracked 
|  85|0x00000000e5500000, 0x00000000e5600000, 0x00000000e5600000|100%| O|  |TAMS 0x00000000e5500000, 0x00000000e5500000| Untracked 
|  86|0x00000000e5600000, 0x00000000e5700000, 0x00000000e5700000|100%| O|  |TAMS 0x00000000e5700000, 0x00000000e5600000| Updating 
|  87|0x00000000e5700000, 0x00000000e5800000, 0x00000000e5800000|100%| O|  |TAMS 0x00000000e5800000, 0x00000000e5700000| Updating 
|  88|0x00000000e5800000, 0x00000000e5900000, 0x00000000e5900000|100%| O|  |TAMS 0x00000000e5900000, 0x00000000e5800000| Updating 
|  89|0x00000000e5900000, 0x00000000e5a00000, 0x00000000e5a00000|100%| O|  |TAMS 0x00000000e5a00000, 0x00000000e5900000| Updating 
|  90|0x00000000e5a00000, 0x00000000e5b00000, 0x00000000e5b00000|100%| O|  |TAMS 0x00000000e5b00000, 0x00000000e5a00000| Updating 
|  91|0x00000000e5b00000, 0x00000000e5c00000, 0x00000000e5c00000|100%| O|  |TAMS 0x00000000e5c00000, 0x00000000e5b00000| Updating 
|  92|0x00000000e5c00000, 0x00000000e5d00000, 0x00000000e5d00000|100%| O|  |TAMS 0x00000000e5c00000, 0x00000000e5c00000| Untracked 
|  93|0x00000000e5d00000, 0x00000000e5e00000, 0x00000000e5e00000|100%| O|  |TAMS 0x00000000e5e00000, 0x00000000e5d00000| Updating 
|  94|0x00000000e5e00000, 0x00000000e5f00000, 0x00000000e5f00000|100%| O|  |TAMS 0x00000000e5e00000, 0x00000000e5e00000| Untracked 
|  95|0x00000000e5f00000, 0x00000000e6000000, 0x00000000e6000000|100%| O|  |TAMS 0x00000000e6000000, 0x00000000e5f00000| Updating 
|  96|0x00000000e6000000, 0x00000000e6100000, 0x00000000e6100000|100%| O|  |TAMS 0x00000000e6100000, 0x00000000e6000000| Updating 
|  97|0x00000000e6100000, 0x00000000e6200000, 0x00000000e6200000|100%| O|  |TAMS 0x00000000e6100000, 0x00000000e6100000| Untracked 
|  98|0x00000000e6200000, 0x00000000e6300000, 0x00000000e6300000|100%| O|  |TAMS 0x00000000e6300000, 0x00000000e6200000| Updating 
|  99|0x00000000e6300000, 0x00000000e6400000, 0x00000000e6400000|100%| O|  |TAMS 0x00000000e6300000, 0x00000000e6300000| Untracked 
| 100|0x00000000e6400000, 0x00000000e6500000, 0x00000000e6500000|100%| O|  |TAMS 0x00000000e6500000, 0x00000000e6400000| Updating 
| 101|0x00000000e6500000, 0x00000000e6600000, 0x00000000e6600000|100%| O|  |TAMS 0x00000000e6600000, 0x00000000e6500000| Updating 
| 102|0x00000000e6600000, 0x00000000e6700000, 0x00000000e6700000|100%| O|  |TAMS 0x00000000e6700000, 0x00000000e6600000| Updating 
| 103|0x00000000e6700000, 0x00000000e6800000, 0x00000000e6800000|100%| O|  |TAMS 0x00000000e6800000, 0x00000000e6700000| Updating 
| 104|0x00000000e6800000, 0x00000000e6900000, 0x00000000e6900000|100%| O|  |TAMS 0x00000000e6900000, 0x00000000e6800000| Updating 
| 105|0x00000000e6900000, 0x00000000e6a00000, 0x00000000e6a00000|100%| O|  |TAMS 0x00000000e6a00000, 0x00000000e6900000| Updating 
| 106|0x00000000e6a00000, 0x00000000e6b00000, 0x00000000e6b00000|100%| O|  |TAMS 0x00000000e6b00000, 0x00000000e6a00000| Updating 
| 107|0x00000000e6b00000, 0x00000000e6c00000, 0x00000000e6c00000|100%| O|  |TAMS 0x00000000e6c00000, 0x00000000e6b00000| Updating 
| 108|0x00000000e6c00000, 0x00000000e6d00000, 0x00000000e6d00000|100%| O|  |TAMS 0x00000000e6d00000, 0x00000000e6c00000| Updating 
| 109|0x00000000e6d00000, 0x00000000e6e00000, 0x00000000e6e00000|100%| O|  |TAMS 0x00000000e6d00000, 0x00000000e6d00000| Untracked 
| 110|0x00000000e6e00000, 0x00000000e6f00000, 0x00000000e6f00000|100%| O|  |TAMS 0x00000000e6f00000, 0x00000000e6e00000| Updating 
| 111|0x00000000e6f00000, 0x00000000e7000000, 0x00000000e7000000|100%| O|  |TAMS 0x00000000e6f00000, 0x00000000e6f00000| Untracked 
| 112|0x00000000e7000000, 0x00000000e7100000, 0x00000000e7100000|100%| O|  |TAMS 0x00000000e7000000, 0x00000000e7000000| Untracked 
| 113|0x00000000e7100000, 0x00000000e7200000, 0x00000000e7200000|100%| O|  |TAMS 0x00000000e7100000, 0x00000000e7100000| Untracked 
| 114|0x00000000e7200000, 0x00000000e7300000, 0x00000000e7300000|100%| O|  |TAMS 0x00000000e7200000, 0x00000000e7200000| Untracked 
| 115|0x00000000e7300000, 0x00000000e7400000, 0x00000000e7400000|100%| O|  |TAMS 0x00000000e7400000, 0x00000000e7300000| Updating 
| 116|0x00000000e7400000, 0x00000000e7500000, 0x00000000e7500000|100%| O|  |TAMS 0x00000000e7500000, 0x00000000e7400000| Updating 
| 117|0x00000000e7500000, 0x00000000e7600000, 0x00000000e7600000|100%| O|  |TAMS 0x00000000e7600000, 0x00000000e7500000| Updating 
| 118|0x00000000e7600000, 0x00000000e7700000, 0x00000000e7700000|100%| O|  |TAMS 0x00000000e7700000, 0x00000000e7600000| Updating 
| 119|0x00000000e7700000, 0x00000000e7800000, 0x00000000e7800000|100%| O|  |TAMS 0x00000000e7800000, 0x00000000e7700000| Updating 
| 120|0x00000000e7800000, 0x00000000e7900000, 0x00000000e7900000|100%| O|  |TAMS 0x00000000e7900000, 0x00000000e7800000| Updating 
| 121|0x00000000e7900000, 0x00000000e7a00000, 0x00000000e7a00000|100%| O|  |TAMS 0x00000000e7900000, 0x00000000e7900000| Untracked 
| 122|0x00000000e7a00000, 0x00000000e7b00000, 0x00000000e7b00000|100%| O|  |TAMS 0x00000000e7b00000, 0x00000000e7a00000| Updating 
| 123|0x00000000e7b00000, 0x00000000e7c00000, 0x00000000e7c00000|100%| O|  |TAMS 0x00000000e7b00000, 0x00000000e7b00000| Untracked 
| 124|0x00000000e7c00000, 0x00000000e7d00000, 0x00000000e7d00000|100%| O|  |TAMS 0x00000000e7c00000, 0x00000000e7c00000| Untracked 
| 125|0x00000000e7d00000, 0x00000000e7e00000, 0x00000000e7e00000|100%| O|  |TAMS 0x00000000e7e00000, 0x00000000e7d00000| Updating 
| 126|0x00000000e7e00000, 0x00000000e7f00000, 0x00000000e7f00000|100%| O|  |TAMS 0x00000000e7f00000, 0x00000000e7e00000| Updating 
| 127|0x00000000e7f00000, 0x00000000e8000000, 0x00000000e8000000|100%| O|  |TAMS 0x00000000e8000000, 0x00000000e7f00000| Updating 
| 128|0x00000000e8000000, 0x00000000e8100000, 0x00000000e8100000|100%| O|  |TAMS 0x00000000e8100000, 0x00000000e8000000| Updating 
| 129|0x00000000e8100000, 0x00000000e8200000, 0x00000000e8200000|100%| O|  |TAMS 0x00000000e8200000, 0x00000000e8100000| Updating 
| 130|0x00000000e8200000, 0x00000000e8300000, 0x00000000e8300000|100%| O|  |TAMS 0x00000000e8300000, 0x00000000e8200000| Updating 
| 131|0x00000000e8300000, 0x00000000e8400000, 0x00000000e8400000|100%| O|  |TAMS 0x00000000e8400000, 0x00000000e8300000| Updating 
| 132|0x00000000e8400000, 0x00000000e8500000, 0x00000000e8500000|100%| O|  |TAMS 0x00000000e8500000, 0x00000000e8400000| Updating 
| 133|0x00000000e8500000, 0x00000000e8600000, 0x00000000e8600000|100%| O|  |TAMS 0x00000000e8600000, 0x00000000e8500000| Updating 
| 134|0x00000000e8600000, 0x00000000e8700000, 0x00000000e8700000|100%| O|  |TAMS 0x00000000e8700000, 0x00000000e8600000| Updating 
| 135|0x00000000e8700000, 0x00000000e8800000, 0x00000000e8800000|100%| O|  |TAMS 0x00000000e8800000, 0x00000000e8700000| Updating 
| 136|0x00000000e8800000, 0x00000000e8900000, 0x00000000e8900000|100%| O|  |TAMS 0x00000000e8900000, 0x00000000e8800000| Updating 
| 137|0x00000000e8900000, 0x00000000e8a00000, 0x00000000e8a00000|100%| O|  |TAMS 0x00000000e8900000, 0x00000000e8900000| Untracked 
| 138|0x00000000e8a00000, 0x00000000e8b00000, 0x00000000e8b00000|100%| O|  |TAMS 0x00000000e8a00000, 0x00000000e8a00000| Untracked 
| 139|0x00000000e8b00000, 0x00000000e8c00000, 0x00000000e8c00000|100%| O|  |TAMS 0x00000000e8c00000, 0x00000000e8b00000| Updating 
| 140|0x00000000e8c00000, 0x00000000e8d00000, 0x00000000e8d00000|100%| O|  |TAMS 0x00000000e8d00000, 0x00000000e8c00000| Updating 
| 141|0x00000000e8d00000, 0x00000000e8e00000, 0x00000000e8e00000|100%| O|  |TAMS 0x00000000e8e00000, 0x00000000e8d00000| Updating 
| 142|0x00000000e8e00000, 0x00000000e8f00000, 0x00000000e8f00000|100%| O|  |TAMS 0x00000000e8f00000, 0x00000000e8e00000| Updating 
| 143|0x00000000e8f00000, 0x00000000e9000000, 0x00000000e9000000|100%| O|  |TAMS 0x00000000e9000000, 0x00000000e8f00000| Updating 
| 144|0x00000000e9000000, 0x00000000e9100000, 0x00000000e9100000|100%| O|  |TAMS 0x00000000e9000000, 0x00000000e9000000| Untracked 
| 145|0x00000000e9100000, 0x00000000e9200000, 0x00000000e9200000|100%| O|  |TAMS 0x00000000e9200000, 0x00000000e9100000| Updating 
| 146|0x00000000e9200000, 0x00000000e9300000, 0x00000000e9300000|100%| O|  |TAMS 0x00000000e9200000, 0x00000000e9200000| Untracked 
| 147|0x00000000e9300000, 0x00000000e9400000, 0x00000000e9400000|100%| O|  |TAMS 0x00000000e9300000, 0x00000000e9300000| Untracked 
| 148|0x00000000e9400000, 0x00000000e9500000, 0x00000000e9500000|100%| O|  |TAMS 0x00000000e9400000, 0x00000000e9400000| Untracked 
| 149|0x00000000e9500000, 0x00000000e9600000, 0x00000000e9600000|100%| O|  |TAMS 0x00000000e9500000, 0x00000000e9500000| Untracked 
| 150|0x00000000e9600000, 0x00000000e9700000, 0x00000000e9700000|100%| O|  |TAMS 0x00000000e9600000, 0x00000000e9600000| Untracked 
| 151|0x00000000e9700000, 0x00000000e9800000, 0x00000000e9800000|100%| O|  |TAMS 0x00000000e9700000, 0x00000000e9700000| Untracked 
| 152|0x00000000e9800000, 0x00000000e9900000, 0x00000000e9900000|100%| O|  |TAMS 0x00000000e9800000, 0x00000000e9800000| Untracked 
| 153|0x00000000e9900000, 0x00000000e9a00000, 0x00000000e9a00000|100%| O|  |TAMS 0x00000000e9900000, 0x00000000e9900000| Untracked 
| 154|0x00000000e9a00000, 0x00000000e9b00000, 0x00000000e9b00000|100%| O|  |TAMS 0x00000000e9a00000, 0x00000000e9a00000| Untracked 
| 155|0x00000000e9b00000, 0x00000000e9c00000, 0x00000000e9c00000|100%| O|  |TAMS 0x00000000e9b00000, 0x00000000e9b00000| Untracked 
| 156|0x00000000e9c00000, 0x00000000e9c00000, 0x00000000e9d00000|  0%| F|  |TAMS 0x00000000e9c00000, 0x00000000e9c00000| Untracked 
| 157|0x00000000e9d00000, 0x00000000e9d00000, 0x00000000e9e00000|  0%| F|  |TAMS 0x00000000e9d00000, 0x00000000e9d00000| Untracked 
| 158|0x00000000e9e00000, 0x00000000e9e00000, 0x00000000e9f00000|  0%| F|  |TAMS 0x00000000e9e00000, 0x00000000e9e00000| Untracked 
| 159|0x00000000e9f00000, 0x00000000e9f00000, 0x00000000ea000000|  0%| F|  |TAMS 0x00000000e9f00000, 0x00000000e9f00000| Untracked 
| 160|0x00000000ea000000, 0x00000000ea100000, 0x00000000ea100000|100%| O|  |TAMS 0x00000000ea100000, 0x00000000ea000000| Updating 
| 161|0x00000000ea100000, 0x00000000ea200000, 0x00000000ea200000|100%| O|  |TAMS 0x00000000ea200000, 0x00000000ea100000| Updating 
| 162|0x00000000ea200000, 0x00000000ea300000, 0x00000000ea300000|100%| O|  |TAMS 0x00000000ea280000, 0x00000000ea200000| Updating 
| 163|0x00000000ea300000, 0x00000000ea300000, 0x00000000ea400000|  0%| F|  |TAMS 0x00000000ea300000, 0x00000000ea300000| Untracked 
| 164|0x00000000ea400000, 0x00000000ea400000, 0x00000000ea500000|  0%| F|  |TAMS 0x00000000ea400000, 0x00000000ea400000| Untracked 
| 165|0x00000000ea500000, 0x00000000ea500000, 0x00000000ea600000|  0%| F|  |TAMS 0x00000000ea500000, 0x00000000ea500000| Untracked 
| 166|0x00000000ea600000, 0x00000000ea600000, 0x00000000ea700000|  0%| F|  |TAMS 0x00000000ea600000, 0x00000000ea600000| Untracked 
| 167|0x00000000ea700000, 0x00000000ea700000, 0x00000000ea800000|  0%| F|  |TAMS 0x00000000ea700000, 0x00000000ea700000| Untracked 
| 168|0x00000000ea800000, 0x00000000ea800000, 0x00000000ea900000|  0%| F|  |TAMS 0x00000000ea800000, 0x00000000ea800000| Untracked 
| 169|0x00000000ea900000, 0x00000000ea900000, 0x00000000eaa00000|  0%| F|  |TAMS 0x00000000ea900000, 0x00000000ea900000| Untracked 
| 170|0x00000000eaa00000, 0x00000000eaa00000, 0x00000000eab00000|  0%| F|  |TAMS 0x00000000eaa00000, 0x00000000eaa00000| Untracked 
| 171|0x00000000eab00000, 0x00000000eab00000, 0x00000000eac00000|  0%| F|  |TAMS 0x00000000eab00000, 0x00000000eab00000| Untracked 
| 172|0x00000000eac00000, 0x00000000eac00000, 0x00000000ead00000|  0%| F|  |TAMS 0x00000000eac00000, 0x00000000eac00000| Untracked 
| 173|0x00000000ead00000, 0x00000000ead00000, 0x00000000eae00000|  0%| F|  |TAMS 0x00000000ead00000, 0x00000000ead00000| Untracked 
| 174|0x00000000eae00000, 0x00000000eae00000, 0x00000000eaf00000|  0%| F|  |TAMS 0x00000000eae00000, 0x00000000eae00000| Untracked 
| 175|0x00000000eaf00000, 0x00000000eaf00000, 0x00000000eb000000|  0%| F|  |TAMS 0x00000000eaf00000, 0x00000000eaf00000| Untracked 
| 176|0x00000000eb000000, 0x00000000eb000000, 0x00000000eb100000|  0%| F|  |TAMS 0x00000000eb000000, 0x00000000eb000000| Untracked 
| 177|0x00000000eb100000, 0x00000000eb100000, 0x00000000eb200000|  0%| F|  |TAMS 0x00000000eb100000, 0x00000000eb100000| Untracked 
| 178|0x00000000eb200000, 0x00000000eb200000, 0x00000000eb300000|  0%| F|  |TAMS 0x00000000eb200000, 0x00000000eb200000| Untracked 
| 179|0x00000000eb300000, 0x00000000eb300000, 0x00000000eb400000|  0%| F|  |TAMS 0x00000000eb300000, 0x00000000eb300000| Untracked 
| 180|0x00000000eb400000, 0x00000000eb400000, 0x00000000eb500000|  0%| F|  |TAMS 0x00000000eb400000, 0x00000000eb400000| Untracked 
| 181|0x00000000eb500000, 0x00000000eb500000, 0x00000000eb600000|  0%| F|  |TAMS 0x00000000eb500000, 0x00000000eb500000| Untracked 
| 182|0x00000000eb600000, 0x00000000eb600000, 0x00000000eb700000|  0%| F|  |TAMS 0x00000000eb600000, 0x00000000eb600000| Untracked 
| 183|0x00000000eb700000, 0x00000000eb700000, 0x00000000eb800000|  0%| F|  |TAMS 0x00000000eb700000, 0x00000000eb700000| Untracked 
| 184|0x00000000eb800000, 0x00000000eb800000, 0x00000000eb900000|  0%| F|  |TAMS 0x00000000eb800000, 0x00000000eb800000| Untracked 
| 185|0x00000000eb900000, 0x00000000eb900000, 0x00000000eba00000|  0%| F|  |TAMS 0x00000000eb900000, 0x00000000eb900000| Untracked 
| 186|0x00000000eba00000, 0x00000000eba00000, 0x00000000ebb00000|  0%| F|  |TAMS 0x00000000eba00000, 0x00000000eba00000| Untracked 
| 187|0x00000000ebb00000, 0x00000000ebb00000, 0x00000000ebc00000|  0%| F|  |TAMS 0x00000000ebb00000, 0x00000000ebb00000| Untracked 
| 188|0x00000000ebc00000, 0x00000000ebc00000, 0x00000000ebd00000|  0%| F|  |TAMS 0x00000000ebc00000, 0x00000000ebc00000| Untracked 
| 189|0x00000000ebd00000, 0x00000000ebd00000, 0x00000000ebe00000|  0%| F|  |TAMS 0x00000000ebd00000, 0x00000000ebd00000| Untracked 
| 190|0x00000000ebe00000, 0x00000000ebe00000, 0x00000000ebf00000|  0%| F|  |TAMS 0x00000000ebe00000, 0x00000000ebe00000| Untracked 
| 191|0x00000000ebf00000, 0x00000000ebf00000, 0x00000000ec000000|  0%| F|  |TAMS 0x00000000ebf00000, 0x00000000ebf00000| Untracked 
| 192|0x00000000ec000000, 0x00000000ec000000, 0x00000000ec100000|  0%| F|  |TAMS 0x00000000ec000000, 0x00000000ec000000| Untracked 
| 193|0x00000000ec100000, 0x00000000ec100000, 0x00000000ec200000|  0%| F|  |TAMS 0x00000000ec100000, 0x00000000ec100000| Untracked 
| 194|0x00000000ec200000, 0x00000000ec200000, 0x00000000ec300000|  0%| F|  |TAMS 0x00000000ec200000, 0x00000000ec200000| Untracked 
| 195|0x00000000ec300000, 0x00000000ec300000, 0x00000000ec400000|  0%| F|  |TAMS 0x00000000ec300000, 0x00000000ec300000| Untracked 
| 196|0x00000000ec400000, 0x00000000ec400000, 0x00000000ec500000|  0%| F|  |TAMS 0x00000000ec400000, 0x00000000ec400000| Untracked 
| 197|0x00000000ec500000, 0x00000000ec500000, 0x00000000ec600000|  0%| F|  |TAMS 0x00000000ec500000, 0x00000000ec500000| Untracked 
| 198|0x00000000ec600000, 0x00000000ec600000, 0x00000000ec700000|  0%| F|  |TAMS 0x00000000ec600000, 0x00000000ec600000| Untracked 
| 199|0x00000000ec700000, 0x00000000ec700000, 0x00000000ec800000|  0%| F|  |TAMS 0x00000000ec700000, 0x00000000ec700000| Untracked 
| 200|0x00000000ec800000, 0x00000000ec800000, 0x00000000ec900000|  0%| F|  |TAMS 0x00000000ec800000, 0x00000000ec800000| Untracked 
| 201|0x00000000ec900000, 0x00000000ec900000, 0x00000000eca00000|  0%| F|  |TAMS 0x00000000ec900000, 0x00000000ec900000| Untracked 
| 202|0x00000000eca00000, 0x00000000eca00000, 0x00000000ecb00000|  0%| F|  |TAMS 0x00000000eca00000, 0x00000000eca00000| Untracked 
| 203|0x00000000ecb00000, 0x00000000ecb00000, 0x00000000ecc00000|  0%| F|  |TAMS 0x00000000ecb00000, 0x00000000ecb00000| Untracked 
| 204|0x00000000ecc00000, 0x00000000ecc00000, 0x00000000ecd00000|  0%| F|  |TAMS 0x00000000ecc00000, 0x00000000ecc00000| Untracked 
| 205|0x00000000ecd00000, 0x00000000ecd00000, 0x00000000ece00000|  0%| F|  |TAMS 0x00000000ecd00000, 0x00000000ecd00000| Untracked 
| 206|0x00000000ece00000, 0x00000000ece00000, 0x00000000ecf00000|  0%| F|  |TAMS 0x00000000ece00000, 0x00000000ece00000| Untracked 
| 207|0x00000000ecf00000, 0x00000000ecf00000, 0x00000000ed000000|  0%| F|  |TAMS 0x00000000ecf00000, 0x00000000ecf00000| Untracked 
| 208|0x00000000ed000000, 0x00000000ed000000, 0x00000000ed100000|  0%| F|  |TAMS 0x00000000ed000000, 0x00000000ed000000| Untracked 
| 209|0x00000000ed100000, 0x00000000ed100000, 0x00000000ed200000|  0%| F|  |TAMS 0x00000000ed100000, 0x00000000ed100000| Untracked 
| 210|0x00000000ed200000, 0x00000000ed200000, 0x00000000ed300000|  0%| F|  |TAMS 0x00000000ed200000, 0x00000000ed200000| Untracked 
| 211|0x00000000ed300000, 0x00000000ed300000, 0x00000000ed400000|  0%| F|  |TAMS 0x00000000ed300000, 0x00000000ed300000| Untracked 
| 212|0x00000000ed400000, 0x00000000ed400000, 0x00000000ed500000|  0%| F|  |TAMS 0x00000000ed400000, 0x00000000ed400000| Untracked 
| 213|0x00000000ed500000, 0x00000000ed500000, 0x00000000ed600000|  0%| F|  |TAMS 0x00000000ed500000, 0x00000000ed500000| Untracked 
| 214|0x00000000ed600000, 0x00000000ed700000, 0x00000000ed700000|100%| S|CS|TAMS 0x00000000ed600000, 0x00000000ed600000| Complete 
| 215|0x00000000ed700000, 0x00000000ed800000, 0x00000000ed800000|100%| S|CS|TAMS 0x00000000ed700000, 0x00000000ed700000| Complete 
| 216|0x00000000ed800000, 0x00000000ed900000, 0x00000000ed900000|100%| S|CS|TAMS 0x00000000ed800000, 0x00000000ed800000| Complete 
| 217|0x00000000ed900000, 0x00000000eda00000, 0x00000000eda00000|100%| S|CS|TAMS 0x00000000ed900000, 0x00000000ed900000| Complete 
| 218|0x00000000eda00000, 0x00000000edb00000, 0x00000000edb00000|100%| S|CS|TAMS 0x00000000eda00000, 0x00000000eda00000| Complete 
| 219|0x00000000edb00000, 0x00000000edc00000, 0x00000000edc00000|100%| S|CS|TAMS 0x00000000edb00000, 0x00000000edb00000| Complete 
| 220|0x00000000edc00000, 0x00000000edc00000, 0x00000000edd00000|  0%| F|  |TAMS 0x00000000edc00000, 0x00000000edc00000| Untracked 
| 221|0x00000000edd00000, 0x00000000edd00000, 0x00000000ede00000|  0%| F|  |TAMS 0x00000000edd00000, 0x00000000edd00000| Untracked 
| 222|0x00000000ede00000, 0x00000000ede00000, 0x00000000edf00000|  0%| F|  |TAMS 0x00000000ede00000, 0x00000000ede00000| Untracked 
| 223|0x00000000edf00000, 0x00000000edf00000, 0x00000000ee000000|  0%| F|  |TAMS 0x00000000edf00000, 0x00000000edf00000| Untracked 
| 224|0x00000000ee000000, 0x00000000ee000000, 0x00000000ee100000|  0%| F|  |TAMS 0x00000000ee000000, 0x00000000ee000000| Untracked 
| 225|0x00000000ee100000, 0x00000000ee100000, 0x00000000ee200000|  0%| F|  |TAMS 0x00000000ee100000, 0x00000000ee100000| Untracked 
| 226|0x00000000ee200000, 0x00000000ee200000, 0x00000000ee300000|  0%| F|  |TAMS 0x00000000ee200000, 0x00000000ee200000| Untracked 
| 227|0x00000000ee300000, 0x00000000ee300000, 0x00000000ee400000|  0%| F|  |TAMS 0x00000000ee300000, 0x00000000ee300000| Untracked 
| 228|0x00000000ee400000, 0x00000000ee400000, 0x00000000ee500000|  0%| F|  |TAMS 0x00000000ee400000, 0x00000000ee400000| Untracked 
| 229|0x00000000ee500000, 0x00000000ee500000, 0x00000000ee600000|  0%| F|  |TAMS 0x00000000ee500000, 0x00000000ee500000| Untracked 
| 230|0x00000000ee600000, 0x00000000ee600000, 0x00000000ee700000|  0%| F|  |TAMS 0x00000000ee600000, 0x00000000ee600000| Untracked 
| 231|0x00000000ee700000, 0x00000000ee700000, 0x00000000ee800000|  0%| F|  |TAMS 0x00000000ee700000, 0x00000000ee700000| Untracked 
| 232|0x00000000ee800000, 0x00000000ee800000, 0x00000000ee900000|  0%| F|  |TAMS 0x00000000ee800000, 0x00000000ee800000| Untracked 
| 233|0x00000000ee900000, 0x00000000ee900000, 0x00000000eea00000|  0%| F|  |TAMS 0x00000000ee900000, 0x00000000ee900000| Untracked 
| 234|0x00000000eea00000, 0x00000000eea00000, 0x00000000eeb00000|  0%| F|  |TAMS 0x00000000eea00000, 0x00000000eea00000| Untracked 
| 235|0x00000000eeb00000, 0x00000000eeb00000, 0x00000000eec00000|  0%| F|  |TAMS 0x00000000eeb00000, 0x00000000eeb00000| Untracked 
| 236|0x00000000eec00000, 0x00000000eec00000, 0x00000000eed00000|  0%| F|  |TAMS 0x00000000eec00000, 0x00000000eec00000| Untracked 
| 237|0x00000000eed00000, 0x00000000eed00000, 0x00000000eee00000|  0%| F|  |TAMS 0x00000000eed00000, 0x00000000eed00000| Untracked 
| 238|0x00000000eee00000, 0x00000000eee00000, 0x00000000eef00000|  0%| F|  |TAMS 0x00000000eee00000, 0x00000000eee00000| Untracked 
| 239|0x00000000eef00000, 0x00000000eef00000, 0x00000000ef000000|  0%| F|  |TAMS 0x00000000eef00000, 0x00000000eef00000| Untracked 
| 240|0x00000000ef000000, 0x00000000ef000000, 0x00000000ef100000|  0%| F|  |TAMS 0x00000000ef000000, 0x00000000ef000000| Untracked 
| 241|0x00000000ef100000, 0x00000000ef100000, 0x00000000ef200000|  0%| F|  |TAMS 0x00000000ef100000, 0x00000000ef100000| Untracked 
| 242|0x00000000ef200000, 0x00000000ef200000, 0x00000000ef300000|  0%| F|  |TAMS 0x00000000ef200000, 0x00000000ef200000| Untracked 
| 243|0x00000000ef300000, 0x00000000ef300000, 0x00000000ef400000|  0%| F|  |TAMS 0x00000000ef300000, 0x00000000ef300000| Untracked 
| 244|0x00000000ef400000, 0x00000000ef400000, 0x00000000ef500000|  0%| F|  |TAMS 0x00000000ef400000, 0x00000000ef400000| Untracked 
| 245|0x00000000ef500000, 0x00000000ef500000, 0x00000000ef600000|  0%| F|  |TAMS 0x00000000ef500000, 0x00000000ef500000| Untracked 
| 246|0x00000000ef600000, 0x00000000ef700000, 0x00000000ef700000|100%| E|  |TAMS 0x00000000ef600000, 0x00000000ef600000| Complete 
| 247|0x00000000ef700000, 0x00000000ef800000, 0x00000000ef800000|100%| E|CS|TAMS 0x00000000ef700000, 0x00000000ef700000| Complete 
| 248|0x00000000ef800000, 0x00000000ef900000, 0x00000000ef900000|100%| E|CS|TAMS 0x00000000ef800000, 0x00000000ef800000| Complete 
| 249|0x00000000ef900000, 0x00000000efa00000, 0x00000000efa00000|100%| E|CS|TAMS 0x00000000ef900000, 0x00000000ef900000| Complete 
| 250|0x00000000efa00000, 0x00000000efb00000, 0x00000000efb00000|100%| E|CS|TAMS 0x00000000efa00000, 0x00000000efa00000| Complete 
| 251|0x00000000efb00000, 0x00000000efc00000, 0x00000000efc00000|100%| E|CS|TAMS 0x00000000efb00000, 0x00000000efb00000| Complete 
| 252|0x00000000efc00000, 0x00000000efd00000, 0x00000000efd00000|100%| E|CS|TAMS 0x00000000efc00000, 0x00000000efc00000| Complete 
| 253|0x00000000efd00000, 0x00000000efe00000, 0x00000000efe00000|100%| E|CS|TAMS 0x00000000efd00000, 0x00000000efd00000| Complete 
| 254|0x00000000efe00000, 0x00000000eff00000, 0x00000000eff00000|100%| E|CS|TAMS 0x00000000efe00000, 0x00000000efe00000| Complete 
| 255|0x00000000eff00000, 0x00000000f0000000, 0x00000000f0000000|100%| E|CS|TAMS 0x00000000eff00000, 0x00000000eff00000| Complete 
| 256|0x00000000f0000000, 0x00000000f0100000, 0x00000000f0100000|100%| E|CS|TAMS 0x00000000f0000000, 0x00000000f0000000| Complete 
| 257|0x00000000f0100000, 0x00000000f0200000, 0x00000000f0200000|100%| E|CS|TAMS 0x00000000f0100000, 0x00000000f0100000| Complete 
| 258|0x00000000f0200000, 0x00000000f0300000, 0x00000000f0300000|100%| E|CS|TAMS 0x00000000f0200000, 0x00000000f0200000| Complete 

Card table byte_map: [0x000002c224a20000,0x000002c224b20000] _byte_map_base: 0x000002c224320000

Marking Bits (Prev, Next): (CMBitMap*) 0x000002c20cfc4f58, (CMBitMap*) 0x000002c20cfc4f18
 Prev Bits: [0x000002c225420000, 0x000002c225c20000)
 Next Bits: [0x000002c224c20000, 0x000002c225420000)

Polling page: 0x000002c20c780000

Metaspace:

Usage:
  Non-class:     97.80 MB capacity,    96.42 MB ( 99%) used,     1.14 MB (  1%) free+waste,   246.13 KB ( <1%) overhead. 
      Class:     14.94 MB capacity,    14.22 MB ( 95%) used,   625.79 KB (  4%) free+waste,   110.81 KB ( <1%) overhead. 
       Both:    112.74 MB capacity,   110.65 MB ( 98%) used,     1.75 MB (  2%) free+waste,   356.94 KB ( <1%) overhead. 

Virtual space:
  Non-class space:      102.00 MB reserved,     100.71 MB ( 99%) committed 
      Class space:      248.00 MB reserved,      15.62 MB (  6%) committed 
             Both:      350.00 MB reserved,     116.33 MB ( 33%) committed 

Chunk freelists:
   Non-Class:  2.72 MB
       Class:  636.00 KB
        Both:  3.34 MB

MaxMetaspaceSize: 256.00 MB
CompressedClassSpaceSize: 248.00 MB

CodeHeap 'non-profiled nmethods': size=120000Kb used=8291Kb max_used=8291Kb free=111709Kb
 bounds [0x000002c21d4f0000, 0x000002c21dd20000, 0x000002c224a20000]
CodeHeap 'profiled nmethods': size=120000Kb used=30349Kb max_used=30349Kb free=89651Kb
 bounds [0x000002c215fc0000, 0x000002c217d70000, 0x000002c21d4f0000]
CodeHeap 'non-nmethods': size=5760Kb used=2474Kb max_used=2540Kb free=3285Kb
 bounds [0x000002c215a20000, 0x000002c215cb0000, 0x000002c215fc0000]
 total_blobs=13786 nmethods=12802 adapters=895
 compilation: enabled
              stopped_count=0, restarted_count=0
 full_count=0

Compilation events (20 events):
Event: 1219.366 Thread 0x000002c228209800 14989       4       java.nio.Buffer::<init> (105 bytes)
Event: 1219.368 Thread 0x000002c228209800 nmethod 14989 0x000002c21d8df290 code [0x000002c21d8df420, 0x000002c21d8df658]
Event: 1219.368 Thread 0x000002c228209800 14990       4       java.nio.ByteBuffer::<init> (47 bytes)
Event: 1219.373 Thread 0x000002c228209800 nmethod 14990 0x000002c21d8dec90 code [0x000002c21d8dee20, 0x000002c21d8df138]
Event: 1219.373 Thread 0x000002c228209800 14988       4       org.gradle.api.internal.changedetection.state.MetaInfAwareClasspathResourceHasher::hash (60 bytes)
Event: 1219.424 Thread 0x000002c228209800 nmethod 14988 0x000002c21d8dc490 code [0x000002c21d8dc8a0, 0x000002c21d8ddc60]
Event: 1219.424 Thread 0x000002c228209800 14991       4       org.gradle.api.internal.file.archive.impl.JdkZipEntry::getName (8 bytes)
Event: 1219.425 Thread 0x000002c228209800 nmethod 14991 0x000002c21daa0610 code [0x000002c21daa07a0, 0x000002c21daa0878]
Event: 1219.495 Thread 0x000002c228209800 14992       4       java.lang.String::equals (50 bytes)
Event: 1219.497 Thread 0x000002c228209800 nmethod 14992 0x000002c21d8dc090 code [0x000002c21d8dc220, 0x000002c21d8dc3f8]
Event: 1219.498 Thread 0x000002c228209800 14993       4       org.gradle.api.internal.file.archive.impl.FileZipInput$1::computeNext (5 bytes)
Event: 1220.597 Thread 0x000002c228209800 nmethod 14993 0x000002c21d8d9490 code [0x000002c21d8d9840, 0x000002c21d8db3c8]
Event: 1220.598 Thread 0x000002c228209800 14998       4       java.util.ComparableTimSort::binarySort (223 bytes)
Event: 1220.615 Thread 0x000002c228209800 nmethod 14998 0x000002c21d8d8190 code [0x000002c21d8d8400, 0x000002c21d8d9058]
Event: 1220.615 Thread 0x000002c228209800 14997       4       java.util.zip.ZipFile$InflaterCleanupAction::run (12 bytes)
Event: 1220.639 Thread 0x000002c228209800 nmethod 14997 0x000002c21d9fde90 code [0x000002c21d9fe160, 0x000002c21d9ffa58]
Event: 1220.639 Thread 0x000002c228209800 14999   !   4       java.util.zip.ZipFile$CleanableResource::releaseInflater (53 bytes)
Event: 1220.658 Thread 0x000002c228209800 nmethod 14999 0x000002c21d9fbd90 code [0x000002c21d9fc040, 0x000002c21d9fd838]
Event: 1221.408 Thread 0x000002c228209800 15000       4       java.util.concurrent.locks.ReentrantLock$NonfairSync::tryAcquire (27 bytes)
Event: 1221.454 Thread 0x000002c228209800 nmethod 15000 0x000002c21d8d7e10 code [0x000002c21d8d7f80, 0x000002c21d8d80d8]

GC Heap History (20 events):
Event: 559.545 GC heap before
{Heap before GC invocations=26 (full 0):
 garbage-first heap   total 265216K, used 221897K [0x00000000e0000000, 0x0000000100000000)
  region size 1024K, 94 young (96256K), 6 survivors (6144K)
 Metaspace       used 112446K, capacity 115614K, committed 115920K, reserved 354304K
  class space    used 14737K, capacity 15690K, committed 15868K, reserved 253952K
}
Event: 559.561 GC heap after
{Heap after GC invocations=27 (full 0):
 garbage-first heap   total 265216K, used 137488K [0x00000000e0000000, 0x0000000100000000)
  region size 1024K, 10 young (10240K), 10 survivors (10240K)
 Metaspace       used 112446K, capacity 115614K, committed 115920K, reserved 354304K
  class space    used 14737K, capacity 15690K, committed 15868K, reserved 253952K
}
Event: 559.653 GC heap before
{Heap before GC invocations=27 (full 0):
 garbage-first heap   total 265216K, used 139536K [0x00000000e0000000, 0x0000000100000000)
  region size 1024K, 12 young (12288K), 10 survivors (10240K)
 Metaspace       used 112446K, capacity 115614K, committed 115920K, reserved 354304K
  class space    used 14737K, capacity 15690K, committed 15868K, reserved 253952K
}
Event: 559.715 GC heap after
{Heap after GC invocations=28 (full 0):
 garbage-first heap   total 265216K, used 126976K [0x00000000e0000000, 0x0000000100000000)
  region size 1024K, 2 young (2048K), 2 survivors (2048K)
 Metaspace       used 112446K, capacity 115614K, committed 115920K, reserved 354304K
  class space    used 14737K, capacity 15690K, committed 15868K, reserved 253952K
}
Event: 1212.155 GC heap before
{Heap before GC invocations=28 (full 0):
 garbage-first heap   total 265216K, used 221184K [0x00000000e0000000, 0x0000000100000000)
  region size 1024K, 95 young (97280K), 2 survivors (2048K)
 Metaspace       used 114250K, capacity 117521K, committed 117840K, reserved 356352K
  class space    used 14944K, capacity 15882K, committed 15996K, reserved 253952K
}
Event: 1212.213 GC heap after
{Heap after GC invocations=29 (full 0):
 garbage-first heap   total 265216K, used 131326K [0x00000000e0000000, 0x0000000100000000)
  region size 1024K, 6 young (6144K), 6 survivors (6144K)
 Metaspace       used 114250K, capacity 117521K, committed 117840K, reserved 356352K
  class space    used 14944K, capacity 15882K, committed 15996K, reserved 253952K
}
Event: 1216.270 GC heap before
{Heap before GC invocations=30 (full 0):
 garbage-first heap   total 265216K, used 221438K [0x00000000e0000000, 0x0000000100000000)
  region size 1024K, 95 young (97280K), 6 survivors (6144K)
 Metaspace       used 115087K, capacity 117627K, committed 118608K, reserved 358400K
  class space    used 14872K, capacity 15674K, committed 15996K, reserved 253952K
}
Event: 1216.300 GC heap after
{Heap after GC invocations=31 (full 0):
 garbage-first heap   total 265216K, used 136459K [0x00000000e0000000, 0x0000000100000000)
  region size 1024K, 11 young (11264K), 11 survivors (11264K)
 Metaspace       used 115087K, capacity 117627K, committed 118608K, reserved 358400K
  class space    used 14872K, capacity 15674K, committed 15996K, reserved 253952K
}
Event: 1216.364 GC heap before
{Heap before GC invocations=31 (full 0):
 garbage-first heap   total 265216K, used 137483K [0x00000000e0000000, 0x0000000100000000)
  region size 1024K, 12 young (12288K), 11 survivors (11264K)
 Metaspace       used 115096K, capacity 117636K, committed 118608K, reserved 358400K
  class space    used 14874K, capacity 15677K, committed 15996K, reserved 253952K
}
Event: 1216.511 GC heap after
{Heap after GC invocations=32 (full 0):
 garbage-first heap   total 265216K, used 121955K [0x00000000e0000000, 0x0000000100000000)
  region size 1024K, 2 young (2048K), 2 survivors (2048K)
 Metaspace       used 115096K, capacity 117636K, committed 118608K, reserved 358400K
  class space    used 14874K, capacity 15677K, committed 15996K, reserved 253952K
}
Event: 1218.124 GC heap before
{Heap before GC invocations=32 (full 0):
 garbage-first heap   total 265216K, used 149603K [0x00000000e0000000, 0x0000000100000000)
  region size 1024K, 30 young (30720K), 2 survivors (2048K)
 Metaspace       used 115652K, capacity 118086K, committed 119120K, reserved 358400K
  class space    used 14941K, capacity 15736K, committed 15996K, reserved 253952K
}
Event: 1218.131 GC heap after
{Heap after GC invocations=33 (full 0):
 garbage-first heap   total 265216K, used 122877K [0x00000000e0000000, 0x0000000100000000)
  region size 1024K, 3 young (3072K), 3 survivors (3072K)
 Metaspace       used 115652K, capacity 118086K, committed 119120K, reserved 358400K
  class space    used 14941K, capacity 15736K, committed 15996K, reserved 253952K
}
Event: 1219.525 GC heap before
{Heap before GC invocations=34 (full 0):
 garbage-first heap   total 265216K, used 224253K [0x00000000e0000000, 0x0000000100000000)
  region size 1024K, 99 young (101376K), 3 survivors (3072K)
 Metaspace       used 113290K, capacity 115451K, committed 119120K, reserved 358400K
  class space    used 14562K, capacity 15300K, committed 15996K, reserved 253952K
}
Event: 1219.710 GC heap after
{Heap after GC invocations=35 (full 0):
 garbage-first heap   total 265216K, used 146807K [0x00000000e0000000, 0x0000000100000000)
  region size 1024K, 13 young (13312K), 13 survivors (13312K)
 Metaspace       used 113290K, capacity 115451K, committed 119120K, reserved 358400K
  class space    used 14562K, capacity 15300K, committed 15996K, reserved 253952K
}
Event: 1219.745 GC heap before
{Heap before GC invocations=35 (full 0):
 garbage-first heap   total 265216K, used 147831K [0x00000000e0000000, 0x0000000100000000)
  region size 1024K, 14 young (14336K), 13 survivors (13312K)
 Metaspace       used 113291K, capacity 115451K, committed 119120K, reserved 358400K
  class space    used 14562K, capacity 15300K, committed 15996K, reserved 253952K
}
Event: 1220.497 GC heap after
{Heap after GC invocations=36 (full 0):
 garbage-first heap   total 265216K, used 127953K [0x00000000e0000000, 0x0000000100000000)
  region size 1024K, 2 young (2048K), 2 survivors (2048K)
 Metaspace       used 113291K, capacity 115451K, committed 119120K, reserved 358400K
  class space    used 14562K, capacity 15300K, committed 15996K, reserved 253952K
}
Event: 1220.889 GC heap before
{Heap before GC invocations=36 (full 0):
 garbage-first heap   total 265216K, used 188369K [0x00000000e0000000, 0x0000000100000000)
  region size 1024K, 61 young (62464K), 2 survivors (2048K)
 Metaspace       used 113304K, capacity 115456K, committed 119120K, reserved 358400K
  class space    used 14564K, capacity 15302K, committed 15996K, reserved 253952K
}
Event: 1220.924 GC heap after
{Heap after GC invocations=37 (full 0):
 garbage-first heap   total 265216K, used 152064K [0x00000000e0000000, 0x0000000100000000)
  region size 1024K, 8 young (8192K), 8 survivors (8192K)
 Metaspace       used 113304K, capacity 115456K, committed 119120K, reserved 358400K
  class space    used 14564K, capacity 15302K, committed 15996K, reserved 253952K
}
Event: 1221.178 GC heap before
{Heap before GC invocations=37 (full 0):
 garbage-first heap   total 265216K, used 192000K [0x00000000e0000000, 0x0000000100000000)
  region size 1024K, 47 young (48128K), 8 survivors (8192K)
 Metaspace       used 113304K, capacity 115456K, committed 119120K, reserved 358400K
  class space    used 14564K, capacity 15302K, committed 15996K, reserved 253952K
}
Event: 1221.320 GC heap after
{Heap after GC invocations=38 (full 0):
 garbage-first heap   total 265216K, used 168960K [0x00000000e0000000, 0x0000000100000000)
  region size 1024K, 6 young (6144K), 6 survivors (6144K)
 Metaspace       used 113304K, capacity 115456K, committed 119120K, reserved 358400K
  class space    used 14564K, capacity 15302K, committed 15996K, reserved 253952K
}

Deoptimization events (20 events):
Event: 1218.139 Thread 0x000002c22dc61800 DEOPT PACKING pc=0x000002c217d44237 sp=0x000000dd7c6f98f0
Event: 1218.139 Thread 0x000002c22dc61800 DEOPT UNPACKING pc=0x000002c215a6964e sp=0x000000dd7c6f8eb8 mode 0
Event: 1218.143 Thread 0x000002c22dc61800 DEOPT PACKING pc=0x000002c217d44237 sp=0x000000dd7c6f98f0
Event: 1218.143 Thread 0x000002c22dc61800 DEOPT UNPACKING pc=0x000002c215a6964e sp=0x000000dd7c6f8eb8 mode 0
Event: 1218.146 Thread 0x000002c22dc61800 DEOPT PACKING pc=0x000002c217d44237 sp=0x000000dd7c6f98f0
Event: 1218.146 Thread 0x000002c22dc61800 DEOPT UNPACKING pc=0x000002c215a6964e sp=0x000000dd7c6f8eb8 mode 0
Event: 1218.393 Thread 0x000002c2281e4000 DEOPT PACKING pc=0x000002c217d5f02e sp=0x000000dd7b7ff000
Event: 1218.393 Thread 0x000002c2281e4000 DEOPT UNPACKING pc=0x000002c215a6964e sp=0x000000dd7b7fe510 mode 0
Event: 1219.130 Thread 0x000002c22dc61800 Uncommon trap: trap_request=0xffffff45 fr.pc=0x000002c21d95a680 relative=0x0000000000001000
Event: 1219.159 Thread 0x000002c22dc61800 Uncommon trap: reason=unstable_if action=reinterpret pc=0x000002c21d95a680 method=java.lang.StringCoding.newStringUTF8NoRepl([BII)Ljava/lang/String; @ 12 c2
Event: 1219.170 Thread 0x000002c22dc61800 DEOPT PACKING pc=0x000002c21d95a680 sp=0x000000dd7c6f9dd0
Event: 1219.170 Thread 0x000002c22dc61800 DEOPT UNPACKING pc=0x000002c215a6912f sp=0x000000dd7c6f9c28 mode 2
Event: 1219.171 Thread 0x000002c22dc61800 Uncommon trap: trap_request=0xffffff45 fr.pc=0x000002c21d51392c relative=0x000000000000018c
Event: 1219.171 Thread 0x000002c22dc61800 Uncommon trap: reason=unstable_if action=reinterpret pc=0x000002c21d51392c method=java.lang.String.equals(Ljava/lang/Object;)Z @ 33 c2
Event: 1219.171 Thread 0x000002c22dc61800 DEOPT PACKING pc=0x000002c21d51392c sp=0x000000dd7c6f9e50
Event: 1219.171 Thread 0x000002c22dc61800 DEOPT UNPACKING pc=0x000002c215a6912f sp=0x000000dd7c6f9de0 mode 2
Event: 1219.730 Thread 0x000002c2281e4000 DEOPT PACKING pc=0x000002c217d608ce sp=0x000000dd7b7ff000
Event: 1219.732 Thread 0x000002c2281e4000 DEOPT UNPACKING pc=0x000002c215a6964e sp=0x000000dd7b7fe510 mode 0
Event: 1219.735 Thread 0x000002c2281e4000 DEOPT PACKING pc=0x000002c217d5f02e sp=0x000000dd7b7ff000
Event: 1219.735 Thread 0x000002c2281e4000 DEOPT UNPACKING pc=0x000002c215a6964e sp=0x000000dd7b7fe510 mode 0

Classes unloaded (20 events):
Event: 1218.368 Thread 0x000002c2281e1800 Unloading class 0x00000008013ed840 'jdk/internal/reflect/GeneratedMethodAccessor39'
Event: 1218.368 Thread 0x000002c2281e1800 Unloading class 0x00000008013ee440 'jdk/internal/reflect/GeneratedMethodAccessor38'
Event: 1218.368 Thread 0x000002c2281e1800 Unloading class 0x00000008013ee040 'jdk/internal/reflect/GeneratedMethodAccessor37'
Event: 1218.368 Thread 0x000002c2281e1800 Unloading class 0x00000008013eec40 'jdk/internal/reflect/GeneratedMethodAccessor36'
Event: 1218.368 Thread 0x000002c2281e1800 Unloading class 0x00000008013ee840 'jdk/internal/reflect/GeneratedMethodAccessor35'
Event: 1218.368 Thread 0x000002c2281e1800 Unloading class 0x00000008013ef840 'org/gradle/util/GUtil$toLowerCamelCase'
Event: 1218.368 Thread 0x000002c2281e1800 Unloading class 0x00000008013eb840 'java_util_Map$put'
Event: 1218.368 Thread 0x000002c2281e1800 Unloading class 0x00000008013eb040 'java_util_List$isEmpty$0'
Event: 1218.368 Thread 0x000002c2281e1800 Unloading class 0x00000008013e9840 'java_util_List$contains'
Event: 1218.368 Thread 0x000002c2281e1800 Unloading class 0x00000008013e8840 'org/gradle/api/DomainObjectCollection$all'
Event: 1218.368 Thread 0x000002c2281e1800 Unloading class 0x00000008013e8040 'org/gradle/language/jvm/tasks/ProcessResources_Decorated$getMainSpec'
Event: 1218.368 Thread 0x000002c2281e1800 Unloading class 0x0000000801380840 'groovy/lang/MetaObjectProtocol$respondsTo'
Event: 1218.368 Thread 0x000002c2281e1800 Unloading class 0x0000000801381040 'org/gradle/api/NamedDomainObjectCollection$findByName'
Event: 1218.368 Thread 0x000002c2281e1800 Unloading class 0x0000000801382840 'org/gradle/api/plugins/PluginContainer$findPlugin'
Event: 1218.368 Thread 0x000002c2281e1800 Unloading class 0x0000000801383040 'org/gradle/api/plugins/PluginAware$getPlugins'
Event: 1218.368 Thread 0x000002c2281e1800 Unloading class 0x00000008013ea840 'java_util_Set$iterator$0'
Event: 1218.368 Thread 0x000002c2281e1800 Unloading class 0x000000080135b840 'java_util_Set$addAll'
Event: 1218.368 Thread 0x000002c2281e1800 Unloading class 0x00000008012ef040 'jdk/internal/reflect/GeneratedSerializationConstructorAccessor59'
Event: 1221.566 Thread 0x000002c2281e1800 Unloading class 0x00000008019c1c40 'org/gradle/api/internal/artifacts/repositories/resolver/MavenResolver$$Lambda$904'
Event: 1221.567 Thread 0x000002c2281e1800 Unloading class 0x00000008019c1040 'org/gradle/api/internal/artifacts/repositories/resolver/MavenResolver$$Lambda$906'

Classes redefined (0 events):
No events

Internal exceptions (20 events):
Event: 1214.093 Thread 0x000002c22edba000 Exception <a 'sun/nio/fs/WindowsException'{0x00000000ee51f230}> (0x00000000ee51f230) 
thrown [./src/hotspot/share/prims/jni.cpp, line 599]
Event: 1214.096 Thread 0x000002c22edba000 Exception <a 'sun/nio/fs/WindowsException'{0x00000000ee51f3a8}> (0x00000000ee51f3a8) 
thrown [./src/hotspot/share/prims/jni.cpp, line 599]
Event: 1214.105 Thread 0x000002c22dc61800 Exception <a 'java/lang/ClassNotFoundException'{0x00000000ee577ed8}: ijresolvers_ehedsdz3d3n8d8v6ywnh6h38gBeanInfo> (0x00000000ee577ed8) 
thrown [./src/hotspot/share/classfile/systemDictionary.cpp, line 226]
Event: 1214.105 Thread 0x000002c22dc61800 Exception <a 'java/lang/ClassNotFoundException'{0x00000000ee580060}: ijresolvers_ehedsdz3d3n8d8v6ywnh6h38gCustomizer> (0x00000000ee580060) 
thrown [./src/hotspot/share/classfile/systemDictionary.cpp, line 226]
Event: 1214.106 Thread 0x000002c22dc61800 Implicit null exception at 0x000002c21d894c75 to 0x000002c21d8950c8
Event: 1214.106 Thread 0x000002c22dc61800 Implicit null exception at 0x000002c21d57ec2b to 0x000002c21d57ed50
Event: 1214.111 Thread 0x000002c22dc61800 Implicit null exception at 0x000002c21d592167 to 0x000002c21d592614
Event: 1214.115 Thread 0x000002c22dc61800 Exception <a 'java/lang/ClassNotFoundException'{0x00000000ee430d38}: org/gradle/execution/taskgraph/DefaultTaskExecutionGraphBeanInfo> (0x00000000ee430d38) 
thrown [./src/hotspot/share/classfile/systemDictionary.cpp, line 226]
Event: 1214.115 Thread 0x000002c22dc61800 Exception <a 'java/lang/ClassNotFoundException'{0x00000000ee44e7d8}: org/gradle/execution/taskgraph/DefaultTaskExecutionGraphCustomizer> (0x00000000ee44e7d8) 
thrown [./src/hotspot/share/classfile/systemDictionary.cpp, line 226]
Event: 1214.121 Thread 0x000002c22dc61800 Implicit null exception at 0x000002c21dae43b2 to 0x000002c21dae7948
Event: 1214.122 Thread 0x000002c22dc61800 Implicit null exception at 0x000002c21d56c9ef to 0x000002c21d56ce9c
Event: 1214.134 Thread 0x000002c22dc61800 Exception <a 'java/lang/NoSuchMethodError'{0x00000000ee4bdb90}: 'java.lang.Object java.lang.invoke.DelegatingMethodHandle$Holder.reinvoke_L(java.lang.Object, java.lang.Object, java.lang.Object, java.lang.Object, java.lang.Object, java.lang.Object, java.lang.Object, java.lang.Object, java.lang.Object, java.lang.Object, java.lang.Object, java.lang.Object, java.lang.Object, java.lang.Object, java.lang.Object, java.lang.Object, java.lang.Object)'> (0x00000000ee4bdb90) 
thrown [./src/hotspot/share/interpreter/l
Event: 1214.736 Thread 0x000002c22dc61800 Implicit null exception at 0x000002c21d5253e4 to 0x000002c21d5259bc
Event: 1214.772 Thread 0x000002c22dc61800 Implicit null exception at 0x000002c21dcb597b to 0x000002c21dcb59b8
Event: 1215.037 Thread 0x000002c22dc61800 Exception <a 'sun/nio/fs/WindowsException'{0x00000000ec75ea78}> (0x00000000ec75ea78) 
thrown [./src/hotspot/share/prims/jni.cpp, line 599]
Event: 1215.065 Thread 0x000002c22dc61800 Exception <a 'java/lang/IncompatibleClassChangeError'{0x00000000ec785750}: Found class java.lang.Object, but interface was expected> (0x00000000ec785750) 
thrown [./src/hotspot/share/interpreter/linkResolver.cpp, line 832]
Event: 1215.932 Thread 0x000002c22dc61800 Implicit null exception at 0x000002c21dccfaf4 to 0x000002c21dcd2ebc
Event: 1216.239 Thread 0x000002c22dc61800 Implicit null exception at 0x000002c21d609487 to 0x000002c21d60968c
Event: 1217.727 Thread 0x000002c22edb6000 Exception <a 'java/lang/NoSuchMethodError'{0x00000000efef0e78}: static Lorg/gradle/internal/build/event/types/DefaultTaskStartedProgressEvent;.<clinit>()V> (0x00000000efef0e78) 
thrown [./src/hotspot/share/prims/jni.cpp, line 1348]
Event: 1217.731 Thread 0x000002c22dc61800 Implicit null exception at 0x000002c21d6aa6fa to 0x000002c21d6aaf17

Events (20 events):
Event: 1218.518 Executing VM operation: G1Concurrent done
Event: 1218.738 Executing VM operation: HandshakeOneThread
Event: 1218.738 Executing VM operation: HandshakeOneThread done
Event: 1219.497 Executing VM operation: HandshakeOneThread
Event: 1219.498 Executing VM operation: HandshakeOneThread done
Event: 1219.503 Executing VM operation: G1CollectForAllocation
Event: 1219.715 Executing VM operation: G1CollectForAllocation done
Event: 1219.743 Executing VM operation: G1CollectForAllocation
Event: 1220.505 Executing VM operation: G1CollectForAllocation done
Event: 1220.586 Executing VM operation: HandshakeOneThread
Event: 1220.589 Executing VM operation: HandshakeOneThread done
Event: 1220.590 Executing VM operation: HandshakeOneThread
Event: 1220.590 Executing VM operation: HandshakeOneThread done
Event: 1220.590 Executing VM operation: HandshakeOneThread
Event: 1220.590 Executing VM operation: HandshakeOneThread done
Event: 1220.888 Executing VM operation: G1CollectForAllocation
Event: 1220.925 Executing VM operation: G1CollectForAllocation done
Event: 1221.177 Executing VM operation: G1CollectForAllocation
Event: 1221.320 Executing VM operation: G1CollectForAllocation done
Event: 1221.547 Executing VM operation: G1Concurrent


Dynamic libraries:
0x00007ff6b1040000 - 0x00007ff6b104d000 	C:\Users\Nadya\.jdks\adopt-openjdk-14.0.2\bin\java.exe
0x00007ffaa60d0000 - 0x00007ffaa62c5000 	C:\Windows\SYSTEM32\ntdll.dll
0x00007ffaa5b90000 - 0x00007ffaa5c4d000 	C:\Windows\System32\KERNEL32.DLL
0x00007ffaa3d20000 - 0x00007ffaa3fe9000 	C:\Windows\System32\KERNELBASE.dll
0x00007ffaa3b70000 - 0x00007ffaa3c70000 	C:\Windows\System32\ucrtbase.dll
0x00007ffa87880000 - 0x00007ffa87895000 	C:\Users\Nadya\.jdks\adopt-openjdk-14.0.2\bin\VCRUNTIME140.dll
0x00007ffa81950000 - 0x00007ffa81968000 	C:\Users\Nadya\.jdks\adopt-openjdk-14.0.2\bin\jli.dll
0x00007ffaa4ef0000 - 0x00007ffaa5090000 	C:\Windows\System32\USER32.dll
0x00007ffaa3c70000 - 0x00007ffaa3c92000 	C:\Windows\System32\win32u.dll
0x00007ffaa5090000 - 0x00007ffaa50ba000 	C:\Windows\System32\GDI32.dll
0x00007ffaa3a60000 - 0x00007ffaa3b6b000 	C:\Windows\System32\gdi32full.dll
0x00007ffaa39c0000 - 0x00007ffaa3a5d000 	C:\Windows\System32\msvcp_win.dll
0x00007ffa91cf0000 - 0x00007ffa91f8a000 	C:\Windows\WinSxS\amd64_microsoft.windows.common-controls_6595b64144ccf1df_6.0.19041.844_none_ca00b6081b84eb1d\COMCTL32.dll
0x00007ffaa5980000 - 0x00007ffaa5a1e000 	C:\Windows\System32\msvcrt.dll
0x00007ffaa5780000 - 0x00007ffaa57b0000 	C:\Windows\System32\IMM32.DLL
0x00007ffa6cb40000 - 0x00007ffa6cbdb000 	C:\Users\Nadya\.jdks\adopt-openjdk-14.0.2\bin\msvcp140.dll
0x00007ffa57160000 - 0x00007ffa57cf4000 	C:\Users\Nadya\.jdks\adopt-openjdk-14.0.2\bin\server\jvm.dll
0x00007ffaa4610000 - 0x00007ffaa46bc000 	C:\Windows\System32\ADVAPI32.dll
0x00007ffaa5a20000 - 0x00007ffaa5abc000 	C:\Windows\System32\sechost.dll
0x00007ffaa5d90000 - 0x00007ffaa5ebb000 	C:\Windows\System32\RPCRT4.dll
0x00007ffaa44f0000 - 0x00007ffaa44f8000 	C:\Windows\System32\PSAPI.DLL
0x00007ffa989f0000 - 0x00007ffa98a17000 	C:\Windows\SYSTEM32\WINMM.dll
0x00007ffa90630000 - 0x00007ffa90639000 	C:\Windows\SYSTEM32\WSOCK32.dll
0x00007ffaa50c0000 - 0x00007ffaa512b000 	C:\Windows\System32\WS2_32.dll
0x00007ffaa33a0000 - 0x00007ffaa33aa000 	C:\Windows\SYSTEM32\VERSION.dll
0x00007ffaa2080000 - 0x00007ffaa2092000 	C:\Windows\SYSTEM32\kernel.appcore.dll
0x00007ffa92250000 - 0x00007ffa9225a000 	C:\Users\Nadya\.jdks\adopt-openjdk-14.0.2\bin\jimage.dll
0x00007ffaa1d90000 - 0x00007ffaa1f74000 	C:\Windows\SYSTEM32\DBGHELP.DLL
0x00007ffa8ed00000 - 0x00007ffa8ed2c000 	C:\Windows\SYSTEM32\dbgcore.DLL
0x00007ffaa3ca0000 - 0x00007ffaa3d20000 	C:\Windows\System32\bcryptPrimitives.dll
0x00007ffa79d30000 - 0x00007ffa79d55000 	C:\Users\Nadya\.jdks\adopt-openjdk-14.0.2\bin\java.dll
0x00007ffa7cbd0000 - 0x00007ffa7cbe6000 	C:\Users\Nadya\.jdks\adopt-openjdk-14.0.2\bin\zip.dll
0x00007ffaa46c0000 - 0x00007ffaa4e02000 	C:\Windows\System32\SHELL32.dll
0x00007ffaa1530000 - 0x00007ffaa1cc0000 	C:\Windows\SYSTEM32\windows.storage.dll
0x00007ffaa4130000 - 0x00007ffaa4485000 	C:\Windows\System32\combase.dll
0x00007ffaa3210000 - 0x00007ffaa323c000 	C:\Windows\SYSTEM32\Wldp.dll
0x00007ffaa57b0000 - 0x00007ffaa585e000 	C:\Windows\System32\SHCORE.dll
0x00007ffaa6030000 - 0x00007ffaa6085000 	C:\Windows\System32\shlwapi.dll
0x00007ffaa3750000 - 0x00007ffaa376f000 	C:\Windows\SYSTEM32\profapi.dll
0x00007ffa926f0000 - 0x00007ffa92709000 	C:\Users\Nadya\.jdks\adopt-openjdk-14.0.2\bin\net.dll
0x00007ffa9a770000 - 0x00007ffa9a87c000 	C:\Windows\SYSTEM32\WINHTTP.dll
0x00007ffaa2f90000 - 0x00007ffaa2ffa000 	C:\Windows\system32\mswsock.dll
0x00007ffa7cb10000 - 0x00007ffa7cb22000 	C:\Users\Nadya\.jdks\adopt-openjdk-14.0.2\bin\nio.dll
0x00007ffa87d20000 - 0x00007ffa87d30000 	C:\Users\Nadya\.jdks\adopt-openjdk-14.0.2\bin\verify.dll
0x00007ffa87d30000 - 0x00007ffa87d57000 	C:\Users\Nadya\.gradle\native\9f2fa17c089eee584f3420100432f77ec4c098959e4bf121a4d6054c26537dfb\windows-amd64\native-platform.dll
0x00007ffa87870000 - 0x00007ffa87879000 	C:\Users\Nadya\.jdks\adopt-openjdk-14.0.2\bin\management.dll
0x00007ffa7d4d0000 - 0x00007ffa7d4db000 	C:\Users\Nadya\.jdks\adopt-openjdk-14.0.2\bin\management_ext.dll
0x00007ffaa3160000 - 0x00007ffaa3178000 	C:\Windows\SYSTEM32\CRYPTSP.dll
0x00007ffaa28c0000 - 0x00007ffaa28f4000 	C:\Windows\system32\rsaenh.dll
0x00007ffaa4100000 - 0x00007ffaa4127000 	C:\Windows\System32\bcrypt.dll
0x00007ffaa3710000 - 0x00007ffaa373e000 	C:\Windows\SYSTEM32\USERENV.dll
0x00007ffaa3180000 - 0x00007ffaa318c000 	C:\Windows\SYSTEM32\CRYPTBASE.dll
0x00007ffaa2c30000 - 0x00007ffaa2c6b000 	C:\Windows\SYSTEM32\IPHLPAPI.DLL
0x00007ffaa5d80000 - 0x00007ffaa5d88000 	C:\Windows\System32\NSI.dll
0x00007ffa9aa20000 - 0x00007ffa9aa37000 	C:\Windows\SYSTEM32\dhcpcsvc6.DLL
0x00007ffa9ac00000 - 0x00007ffa9ac1d000 	C:\Windows\SYSTEM32\dhcpcsvc.DLL
0x00007ffaa2c70000 - 0x00007ffaa2d3b000 	C:\Windows\SYSTEM32\DNSAPI.dll
0x00007ffa9b430000 - 0x00007ffa9b43b000 	C:\Windows\SYSTEM32\WINNSI.DLL
0x00007ffa68f50000 - 0x00007ffa690e6000 	C:\Users\Nadya\.gradle\native\9f2fa17c089eee584f3420100432f77ec4c098959e4bf121a4d6054c26537dfb\windows-amd64\native-platform-file-events.dll
0x00007ffa88070000 - 0x00007ffa88095000 	C:\Users\Nadya\.jdks\adopt-openjdk-14.0.2\bin\sunec.dll
0x00007ffa92240000 - 0x00007ffa9224a000 	C:\Windows\System32\rasadhlp.dll
0x00007ffa97f60000 - 0x00007ffa97fdf000 	C:\Windows\System32\fwpuclnt.dll
0x00007ffa92270000 - 0x00007ffa9227e000 	C:\Users\Nadya\.jdks\adopt-openjdk-14.0.2\bin\sunmscapi.dll
0x00007ffaa3860000 - 0x00007ffaa39bf000 	C:\Windows\System32\CRYPT32.dll
0x00007ffaa3280000 - 0x00007ffaa32a7000 	C:\Windows\SYSTEM32\ncrypt.dll
0x00007ffaa3240000 - 0x00007ffaa327b000 	C:\Windows\SYSTEM32\NTASN1.dll

dbghelp: loaded successfully - version: 4.0.5 - missing functions: none
symbol engine: initialized successfully - sym options: 0x614 - pdb path: .;C:\Users\Nadya\.jdks\adopt-openjdk-14.0.2\bin;C:\Windows\SYSTEM32;C:\Windows\WinSxS\amd64_microsoft.windows.common-controls_6595b64144ccf1df_6.0.19041.844_none_ca00b6081b84eb1d;C:\Users\Nadya\.jdks\adopt-openjdk-14.0.2\bin\server;C:\Users\Nadya\.gradle\native\9f2fa17c089eee584f3420100432f77ec4c098959e4bf121a4d6054c26537dfb\windows-amd64

VM Arguments:
jvm_args: --add-opens=java.base/java.util=ALL-UNNAMED --add-opens=java.base/java.lang=ALL-UNNAMED --add-opens=java.base/java.lang.invoke=ALL-UNNAMED --add-opens=java.prefs/java.util.prefs=ALL-UNNAMED -XX:MaxMetaspaceSize=256m -XX:+HeapDumpOnOutOfMemoryError -Xms256m -Xmx512m -Dfile.encoding=windows-1251 -Duser.country=RU -Duser.language=ru -Duser.variant 
java_command: org.gradle.launcher.daemon.bootstrap.GradleDaemon 6.6.1
java_class_path (initial): C:\Users\Nadya\.gradle\wrapper\dists\gradle-6.6.1-bin\du4tvj86lhti6iga1v8h7pckb\gradle-6.6.1\lib\gradle-launcher-6.6.1.jar
Launcher Type: SUN_STANDARD

[Global flags]
     intx CICompilerCount                          = 3                                         {product} {ergonomic}
   size_t CompressedClassSpaceSize                 = 260046848                                 {product} {ergonomic}
     uint ConcGCThreads                            = 1                                         {product} {ergonomic}
     uint G1ConcRefinementThreads                  = 4                                         {product} {ergonomic}
   size_t G1HeapRegionSize                         = 1048576                                   {product} {ergonomic}
    uintx GCDrainStackTargetSize                   = 64                                        {product} {ergonomic}
     bool HeapDumpOnOutOfMemoryError               = true                                   {manageable} {command line}
   size_t InitialHeapSize                          = 268435456                                 {product} {command line}
   size_t MarkStackSize                            = 4194304                                   {product} {ergonomic}
   size_t MaxHeapSize                              = 536870912                                 {product} {command line}
   size_t MaxMetaspaceSize                         = 268435456                                 {product} {command line}
   size_t MaxNewSize                               = 321912832                                 {product} {ergonomic}
   size_t MinHeapDeltaBytes                        = 1048576                                   {product} {ergonomic}
   size_t MinHeapSize                              = 268435456                                 {product} {command line}
    uintx NonNMethodCodeHeapSize                   = 5832780                                {pd product} {ergonomic}
    uintx NonProfiledCodeHeapSize                  = 122912730                              {pd product} {ergonomic}
    uintx ProfiledCodeHeapSize                     = 122912730                              {pd product} {ergonomic}
    uintx ReservedCodeCacheSize                    = 251658240                              {pd product} {ergonomic}
     bool SegmentedCodeCache                       = true                                      {product} {ergonomic}
   size_t SoftMaxHeapSize                          = 536870912                              {manageable} {ergonomic}
     bool UseCompressedClassPointers               = true                                 {lp64_product} {ergonomic}
     bool UseCompressedOops                        = true                                 {lp64_product} {ergonomic}
     bool UseG1GC                                  = true                                      {product} {ergonomic}
     bool UseLargePagesIndividualAllocation        = false                                  {pd product} {ergonomic}

Logging:
Log output configuration:
 #0: stdout all=warning uptime,level,tags
 #1: stderr all=off uptime,level,tags

Environment Variables:
PATH=C:\Program Files (x86)\Common Files\Oracle\Java\javapath;C:\ProgramData\Oracle\Java\javapath;C:\Windows\system32;C:\Windows;C:\Windows\System32\Wbem;C:\Windows\System32\WindowsPowerShell\v1.0\;C:\Windows\System32\OpenSSH\;C:\Program Files\Git\cmd;C:\Users\Nadya\AppData\Local\Microsoft\WindowsApps;C:\Program Files\JetBrains2\IntelliJ IDEA Community Edition 2020.2.3\bin;;C:\Gradle\gradle-6.8\bin;
USERNAME=Nadya
OS=Windows_NT
PROCESSOR_IDENTIFIER=Intel64 Family 6 Model 78 Stepping 3, GenuineIntel



---------------  S Y S T E M  ---------------

OS: Windows 10 , 64 bit Build 19041 (10.0.19041.804)
OS uptime: 0 days 1:45 hours

CPU:total 4 (initial active 4) (2 cores per cpu, 2 threads per core) family 6 model 78 stepping 3, cmov, cx8, fxsr, mmx, sse, sse2, sse3, ssse3, sse4.1, sse4.2, popcnt, avx, avx2, aes, clmul, erms, 3dnowpref, lzcnt, ht, tsc, tscinvbit, bmi1, bmi2, adx, fma

Memory: 4k page, system-wide physical 3512M (109M free)
TotalPageFile size 5560M (AvailPageFile size 8M)
current process WorkingSet (physical memory assigned to process): 624M, peak: 626M
current process commit charge ("private bytes"): 889M, peak: 927M

vm_info: OpenJDK 64-Bit Server VM (14.0.2+12) for windows-amd64 JRE (14.0.2+12), built on Jul 15 2020 11:30:16 by "" with MS VC++ 15.9 (VS2017)

END.
